<?xml version="1.0" encoding="UTF-8"?>
<coverage generated="1521818404745" clover="3.2.0">
  <project timestamp="1521818404745" name="All files">
    <metrics statements="269" coveredstatements="102" conditionals="51" coveredconditionals="9" methods="157" coveredmethods="37" elements="477" coveredelements="148" complexity="0" loc="269" ncloc="269" packages="11" files="29" classes="29">
      <package name="__mock__">
        <metrics statements="1" coveredstatements="1" conditionals="0" coveredconditionals="0" methods="0" coveredmethods="0"/>
        <file name="styleMock.js" path="/Users/frodinm/Desktop/SOEN341-SC4/__mock__/styleMock.js">
          <metrics statements="1" coveredstatements="1" conditionals="0" coveredconditionals="0" methods="0" coveredmethods="0"/>
          <line num="1" count="9" type="stmt"/>
        </file>
      </package>
      <package name="resources.assets.js.src">
        <metrics statements="21" coveredstatements="9" conditionals="4" coveredconditionals="1" methods="14" coveredmethods="5"/>
        <file name="app.js" path="/Users/frodinm/Desktop/SOEN341-SC4/resources/assets/js/src/app.js">
          <metrics statements="21" coveredstatements="9" conditionals="4" coveredconditionals="1" methods="14" coveredmethods="5"/>
          <line num="11" count="1" type="stmt"/>
          <line num="15" count="1" type="stmt"/>
          <line num="16" count="0" type="stmt"/>
          <line num="22" count="1" type="stmt"/>
          <line num="23" count="1" type="stmt"/>
          <line num="44" count="1" type="cond" truecount="1" falsecount="1"/>
          <line num="45" count="0" type="stmt"/>
          <line num="48" count="0" type="stmt"/>
          <line num="52" count="1" type="stmt"/>
          <line num="62" count="0" type="stmt"/>
          <line num="66" count="1" type="stmt"/>
          <line num="67" count="0" type="stmt"/>
          <line num="68" count="0" type="stmt"/>
          <line num="75" count="0" type="stmt"/>
          <line num="77" count="0" type="stmt"/>
          <line num="79" count="0" type="cond" truecount="0" falsecount="2"/>
          <line num="80" count="0" type="stmt"/>
          <line num="83" count="0" type="stmt"/>
          <line num="89" count="1" type="stmt"/>
          <line num="96" count="0" type="stmt"/>
          <line num="118" count="1" type="stmt"/>
        </file>
      </package>
      <package name="resources.assets.js.src.api">
        <metrics statements="34" coveredstatements="20" conditionals="0" coveredconditionals="0" methods="17" coveredmethods="3"/>
        <file name="api.js" path="/Users/frodinm/Desktop/SOEN341-SC4/resources/assets/js/src/api/api.js">
          <metrics statements="34" coveredstatements="20" conditionals="0" coveredconditionals="0" methods="17" coveredmethods="3"/>
          <line num="3" count="9" type="stmt"/>
          <line num="4" count="0" type="stmt"/>
          <line num="10" count="9" type="stmt"/>
          <line num="11" count="0" type="stmt"/>
          <line num="14" count="9" type="stmt"/>
          <line num="15" count="0" type="stmt"/>
          <line num="20" count="9" type="stmt"/>
          <line num="21" count="0" type="stmt"/>
          <line num="31" count="9" type="stmt"/>
          <line num="32" count="1" type="stmt"/>
          <line num="35" count="9" type="stmt"/>
          <line num="36" count="0" type="stmt"/>
          <line num="44" count="9" type="stmt"/>
          <line num="45" count="0" type="stmt"/>
          <line num="56" count="9" type="stmt"/>
          <line num="57" count="0" type="stmt"/>
          <line num="67" count="9" type="stmt"/>
          <line num="68" count="0" type="stmt"/>
          <line num="78" count="9" type="stmt"/>
          <line num="79" count="1" type="stmt"/>
          <line num="87" count="9" type="stmt"/>
          <line num="88" count="1" type="stmt"/>
          <line num="97" count="9" type="stmt"/>
          <line num="98" count="0" type="stmt"/>
          <line num="108" count="9" type="stmt"/>
          <line num="109" count="0" type="stmt"/>
          <line num="117" count="9" type="stmt"/>
          <line num="118" count="0" type="stmt"/>
          <line num="128" count="9" type="stmt"/>
          <line num="129" count="0" type="stmt"/>
          <line num="137" count="9" type="stmt"/>
          <line num="138" count="0" type="stmt"/>
          <line num="147" count="9" type="stmt"/>
          <line num="148" count="0" type="stmt"/>
        </file>
        <file name="index.js" path="/Users/frodinm/Desktop/SOEN341-SC4/resources/assets/js/src/api/index.js">
          <metrics statements="0" coveredstatements="0" conditionals="0" coveredconditionals="0" methods="0" coveredmethods="0"/>
        </file>
      </package>
      <package name="resources.assets.js.src.components">
        <metrics statements="54" coveredstatements="27" conditionals="2" coveredconditionals="1" methods="42" coveredmethods="14"/>
        <file name="AnswerVoting.component.js" path="/Users/frodinm/Desktop/SOEN341-SC4/resources/assets/js/src/components/AnswerVoting.component.js">
          <metrics statements="17" coveredstatements="7" conditionals="0" coveredconditionals="0" methods="13" coveredmethods="3"/>
          <line num="7" count="9" type="stmt"/>
          <line num="8" count="9" type="stmt"/>
          <line num="12" count="1" type="stmt"/>
          <line num="13" count="1" type="stmt"/>
          <line num="20" count="1" type="stmt"/>
          <line num="21" count="0" type="stmt"/>
          <line num="22" count="0" type="stmt"/>
          <line num="24" count="0" type="stmt"/>
          <line num="30" count="0" type="stmt"/>
          <line num="31" count="0" type="stmt"/>
          <line num="32" count="0" type="stmt"/>
          <line num="34" count="0" type="stmt"/>
          <line num="37" count="0" type="stmt"/>
          <line num="41" count="1" type="stmt"/>
          <line num="42" count="1" type="stmt"/>
          <line num="46" count="0" type="stmt"/>
          <line num="49" count="0" type="stmt"/>
        </file>
        <file name="ListQuestions.component.js" path="/Users/frodinm/Desktop/SOEN341-SC4/resources/assets/js/src/components/ListQuestions.component.js">
          <metrics statements="5" coveredstatements="3" conditionals="0" coveredconditionals="0" methods="5" coveredmethods="3"/>
          <line num="9" count="1" type="stmt"/>
          <line num="13" count="0" type="stmt"/>
          <line num="17" count="1" type="stmt"/>
          <line num="19" count="1" type="stmt"/>
          <line num="23" count="0" type="stmt"/>
        </file>
        <file name="downvoteButton.component.js" path="/Users/frodinm/Desktop/SOEN341-SC4/resources/assets/js/src/components/downvoteButton.component.js">
          <metrics statements="1" coveredstatements="1" conditionals="0" coveredconditionals="0" methods="1" coveredmethods="1"/>
          <line num="6" count="1" type="stmt"/>
        </file>
        <file name="header.component.js" path="/Users/frodinm/Desktop/SOEN341-SC4/resources/assets/js/src/components/header.component.js">
          <metrics statements="13" coveredstatements="8" conditionals="2" coveredconditionals="1" methods="9" coveredmethods="3"/>
          <line num="7" count="9" type="stmt"/>
          <line num="11" count="9" type="stmt"/>
          <line num="12" count="0" type="stmt"/>
          <line num="18" count="1" type="stmt"/>
          <line num="19" count="1" type="stmt"/>
          <line num="26" count="0" type="stmt"/>
          <line num="31" count="1" type="cond" truecount="1" falsecount="1"/>
          <line num="32" count="0" type="stmt"/>
          <line num="36" count="0" type="stmt"/>
          <line num="41" count="1" type="stmt"/>
          <line num="51" count="1" type="stmt"/>
          <line num="74" count="0" type="stmt"/>
          <line num="87" count="9" type="stmt"/>
        </file>
        <file name="index.js" path="/Users/frodinm/Desktop/SOEN341-SC4/resources/assets/js/src/components/index.js">
          <metrics statements="0" coveredstatements="0" conditionals="0" coveredconditionals="0" methods="0" coveredmethods="0"/>
        </file>
        <file name="upvoteButton.component.js" path="/Users/frodinm/Desktop/SOEN341-SC4/resources/assets/js/src/components/upvoteButton.component.js">
          <metrics statements="1" coveredstatements="1" conditionals="0" coveredconditionals="0" methods="1" coveredmethods="1"/>
          <line num="6" count="1" type="stmt"/>
        </file>
        <file name="voting.component.js" path="/Users/frodinm/Desktop/SOEN341-SC4/resources/assets/js/src/components/voting.component.js">
          <metrics statements="17" coveredstatements="7" conditionals="0" coveredconditionals="0" methods="13" coveredmethods="3"/>
          <line num="7" count="9" type="stmt"/>
          <line num="8" count="9" type="stmt"/>
          <line num="12" count="1" type="stmt"/>
          <line num="13" count="1" type="stmt"/>
          <line num="20" count="1" type="stmt"/>
          <line num="22" count="0" type="stmt"/>
          <line num="23" count="0" type="stmt"/>
          <line num="25" count="0" type="stmt"/>
          <line num="31" count="0" type="stmt"/>
          <line num="32" count="0" type="stmt"/>
          <line num="33" count="0" type="stmt"/>
          <line num="35" count="0" type="stmt"/>
          <line num="38" count="0" type="stmt"/>
          <line num="42" count="1" type="stmt"/>
          <line num="43" count="1" type="stmt"/>
          <line num="47" count="0" type="stmt"/>
          <line num="50" count="0" type="stmt"/>
        </file>
      </package>
      <package name="resources.assets.js.src.screens">
        <metrics statements="0" coveredstatements="0" conditionals="0" coveredconditionals="0" methods="0" coveredmethods="0"/>
        <file name="index.js" path="/Users/frodinm/Desktop/SOEN341-SC4/resources/assets/js/src/screens/index.js">
          <metrics statements="0" coveredstatements="0" conditionals="0" coveredconditionals="0" methods="0" coveredmethods="0"/>
        </file>
      </package>
      <package name="resources.assets.js.src.screens.Questions">
        <metrics statements="14" coveredstatements="4" conditionals="5" coveredconditionals="0" methods="5" coveredmethods="0"/>
        <file name="index.js" path="/Users/frodinm/Desktop/SOEN341-SC4/resources/assets/js/src/screens/Questions/index.js">
          <metrics statements="0" coveredstatements="0" conditionals="0" coveredconditionals="0" methods="0" coveredmethods="0"/>
        </file>
        <file name="question.action.js" path="/Users/frodinm/Desktop/SOEN341-SC4/resources/assets/js/src/screens/Questions/question.action.js">
          <metrics statements="6" coveredstatements="1" conditionals="0" coveredconditionals="0" methods="4" coveredmethods="0"/>
          <line num="9" count="9" type="stmt"/>
          <line num="10" count="0" type="stmt"/>
          <line num="11" count="0" type="stmt"/>
          <line num="12" count="0" type="stmt"/>
          <line num="13" count="0" type="stmt"/>
          <line num="15" count="0" type="stmt"/>
        </file>
        <file name="question.reducer.js" path="/Users/frodinm/Desktop/SOEN341-SC4/resources/assets/js/src/screens/Questions/question.reducer.js">
          <metrics statements="7" coveredstatements="2" conditionals="5" coveredconditionals="0" methods="1" coveredmethods="0"/>
          <line num="5" count="9" type="stmt"/>
          <line num="19" count="9" type="cond" truecount="0" falsecount="1"/>
          <line num="20" count="0" type="cond" truecount="0" falsecount="4"/>
          <line num="22" count="0" type="stmt"/>
          <line num="28" count="0" type="stmt"/>
          <line num="34" count="0" type="stmt"/>
          <line num="40" count="0" type="stmt"/>
        </file>
        <file name="question.type.js" path="/Users/frodinm/Desktop/SOEN341-SC4/resources/assets/js/src/screens/Questions/question.type.js">
          <metrics statements="1" coveredstatements="1" conditionals="0" coveredconditionals="0" methods="0" coveredmethods="0"/>
          <line num="3" count="9" type="stmt"/>
        </file>
      </package>
      <package name="resources.assets.js.src.screens.Questions.screens">
        <metrics statements="91" coveredstatements="22" conditionals="29" coveredconditionals="7" methods="54" coveredmethods="10"/>
        <file name="AnswerQuestion.screen.js" path="/Users/frodinm/Desktop/SOEN341-SC4/resources/assets/js/src/screens/Questions/screens/AnswerQuestion.screen.js">
          <metrics statements="74" coveredstatements="14" conditionals="27" coveredconditionals="6" methods="42" coveredmethods="7"/>
          <line num="11" count="9" type="stmt"/>
          <line num="16" count="9" type="stmt"/>
          <line num="17" count="0" type="stmt"/>
          <line num="23" count="1" type="stmt"/>
          <line num="24" count="1" type="stmt"/>
          <line num="37" count="1" type="stmt"/>
          <line num="38" count="1" type="stmt"/>
          <line num="41" count="1" type="stmt"/>
          <line num="42" count="0" type="stmt"/>
          <line num="45" count="1" type="stmt"/>
          <line num="46" count="0" type="stmt"/>
          <line num="47" count="0" type="stmt"/>
          <line num="58" count="0" type="stmt"/>
          <line num="64" count="0" type="stmt"/>
          <line num="71" count="0" type="cond" truecount="0" falsecount="2"/>
          <line num="72" count="0" type="stmt"/>
          <line num="73" count="0" type="stmt"/>
          <line num="74" count="0" type="cond" truecount="0" falsecount="2"/>
          <line num="75" count="0" type="stmt"/>
          <line num="77" count="0" type="stmt"/>
          <line num="78" count="0" type="stmt"/>
          <line num="79" count="0" type="stmt"/>
          <line num="80" count="0" type="stmt"/>
          <line num="81" count="0" type="stmt"/>
          <line num="83" count="0" type="stmt"/>
          <line num="90" count="0" type="stmt"/>
          <line num="92" count="0" type="cond" truecount="0" falsecount="2"/>
          <line num="93" count="0" type="stmt"/>
          <line num="94" count="0" type="stmt"/>
          <line num="95" count="0" type="stmt"/>
          <line num="96" count="0" type="stmt"/>
          <line num="97" count="0" type="stmt"/>
          <line num="99" count="0" type="stmt"/>
          <line num="104" count="0" type="stmt"/>
          <line num="108" count="0" type="stmt"/>
          <line num="109" count="0" type="stmt"/>
          <line num="110" count="0" type="stmt"/>
          <line num="111" count="0" type="stmt"/>
          <line num="112" count="0" type="stmt"/>
          <line num="114" count="0" type="stmt"/>
          <line num="121" count="0" type="cond" truecount="0" falsecount="4"/>
          <line num="122" count="0" type="cond" truecount="0" falsecount="2"/>
          <line num="123" count="0" type="stmt"/>
          <line num="124" count="0" type="stmt"/>
          <line num="130" count="0" type="stmt"/>
          <line num="133" count="0" type="stmt"/>
          <line num="140" count="0" type="cond" truecount="0" falsecount="2"/>
          <line num="141" count="0" type="stmt"/>
          <line num="151" count="1" type="cond" truecount="1" falsecount="1"/>
          <line num="152" count="0" type="stmt"/>
          <line num="153" count="0" type="stmt"/>
          <line num="173" count="1" type="stmt"/>
          <line num="179" count="1" type="cond" truecount="4" falsecount="1"/>
          <line num="180" count="0" type="stmt"/>
          <line num="188" count="0" type="stmt"/>
          <line num="191" count="0" type="stmt"/>
          <line num="195" count="1" type="cond" truecount="1" falsecount="1"/>
          <line num="196" count="0" type="stmt"/>
          <line num="204" count="0" type="stmt"/>
          <line num="206" count="0" type="stmt"/>
          <line num="217" count="0" type="stmt"/>
          <line num="218" count="0" type="stmt"/>
          <line num="219" count="0" type="stmt"/>
          <line num="220" count="0" type="stmt"/>
          <line num="224" count="0" type="stmt"/>
          <line num="225" count="0" type="stmt"/>
          <line num="229" count="0" type="cond" truecount="0" falsecount="2"/>
          <line num="230" count="0" type="stmt"/>
          <line num="232" count="0" type="stmt"/>
          <line num="233" count="0" type="stmt"/>
          <line num="258" count="1" type="stmt"/>
          <line num="282" count="0" type="stmt"/>
          <line num="285" count="0" type="stmt"/>
          <line num="293" count="9" type="stmt"/>
        </file>
        <file name="AskQuestion.screen.js" path="/Users/frodinm/Desktop/SOEN341-SC4/resources/assets/js/src/screens/Questions/screens/AskQuestion.screen.js">
          <metrics statements="17" coveredstatements="8" conditionals="2" coveredconditionals="1" methods="12" coveredmethods="3"/>
          <line num="11" count="9" type="stmt"/>
          <line num="15" count="9" type="stmt"/>
          <line num="21" count="1" type="stmt"/>
          <line num="22" count="1" type="stmt"/>
          <line num="31" count="1" type="cond" truecount="1" falsecount="1"/>
          <line num="32" count="1" type="stmt"/>
          <line num="37" count="0" type="stmt"/>
          <line num="40" count="0" type="stmt"/>
          <line num="44" count="0" type="stmt"/>
          <line num="53" count="0" type="stmt"/>
          <line num="54" count="0" type="stmt"/>
          <line num="56" count="0" type="stmt"/>
          <line num="82" count="1" type="stmt"/>
          <line num="91" count="0" type="stmt"/>
          <line num="99" count="0" type="stmt"/>
          <line num="102" count="0" type="stmt"/>
          <line num="110" count="9" type="stmt"/>
        </file>
        <file name="index.js" path="/Users/frodinm/Desktop/SOEN341-SC4/resources/assets/js/src/screens/Questions/screens/index.js">
          <metrics statements="0" coveredstatements="0" conditionals="0" coveredconditionals="0" methods="0" coveredmethods="0"/>
        </file>
      </package>
      <package name="resources.assets.js.src.screens.auth">
        <metrics statements="32" coveredstatements="7" conditionals="11" coveredconditionals="0" methods="11" coveredmethods="0"/>
        <file name="auth.actions.js" path="/Users/frodinm/Desktop/SOEN341-SC4/resources/assets/js/src/screens/auth/auth.actions.js">
          <metrics statements="16" coveredstatements="2" conditionals="0" coveredconditionals="0" methods="10" coveredmethods="0"/>
          <line num="5" count="9" type="stmt"/>
          <line num="6" count="0" type="stmt"/>
          <line num="7" count="0" type="stmt"/>
          <line num="8" count="0" type="stmt"/>
          <line num="9" count="0" type="stmt"/>
          <line num="10" count="0" type="stmt"/>
          <line num="11" count="0" type="stmt"/>
          <line num="12" count="0" type="stmt"/>
          <line num="14" count="0" type="stmt"/>
          <line num="17" count="0" type="stmt"/>
          <line num="22" count="9" type="stmt"/>
          <line num="23" count="0" type="stmt"/>
          <line num="24" count="0" type="stmt"/>
          <line num="25" count="0" type="stmt"/>
          <line num="26" count="0" type="stmt"/>
          <line num="28" count="0" type="stmt"/>
        </file>
        <file name="auth.reducer.js" path="/Users/frodinm/Desktop/SOEN341-SC4/resources/assets/js/src/screens/auth/auth.reducer.js">
          <metrics statements="13" coveredstatements="2" conditionals="11" coveredconditionals="0" methods="1" coveredmethods="0"/>
          <line num="7" count="9" type="stmt"/>
          <line num="19" count="9" type="cond" truecount="0" falsecount="1"/>
          <line num="20" count="0" type="cond" truecount="0" falsecount="10"/>
          <line num="22" count="0" type="stmt"/>
          <line num="28" count="0" type="stmt"/>
          <line num="34" count="0" type="stmt"/>
          <line num="40" count="0" type="stmt"/>
          <line num="45" count="0" type="stmt"/>
          <line num="50" count="0" type="stmt"/>
          <line num="55" count="0" type="stmt"/>
          <line num="60" count="0" type="stmt"/>
          <line num="66" count="0" type="stmt"/>
          <line num="70" count="0" type="stmt"/>
        </file>
        <file name="auth.type.js" path="/Users/frodinm/Desktop/SOEN341-SC4/resources/assets/js/src/screens/auth/auth.type.js">
          <metrics statements="3" coveredstatements="3" conditionals="0" coveredconditionals="0" methods="0" coveredmethods="0"/>
          <line num="3" count="9" type="stmt"/>
          <line num="4" count="9" type="stmt"/>
          <line num="5" count="9" type="stmt"/>
        </file>
        <file name="index.js" path="/Users/frodinm/Desktop/SOEN341-SC4/resources/assets/js/src/screens/auth/index.js">
          <metrics statements="0" coveredstatements="0" conditionals="0" coveredconditionals="0" methods="0" coveredmethods="0"/>
        </file>
      </package>
      <package name="resources.assets.js.src.screens.auth.screens">
        <metrics statements="19" coveredstatements="9" conditionals="0" coveredconditionals="0" methods="13" coveredmethods="4"/>
        <file name="index.js" path="/Users/frodinm/Desktop/SOEN341-SC4/resources/assets/js/src/screens/auth/screens/index.js">
          <metrics statements="0" coveredstatements="0" conditionals="0" coveredconditionals="0" methods="0" coveredmethods="0"/>
        </file>
        <file name="loginScreen.js" path="/Users/frodinm/Desktop/SOEN341-SC4/resources/assets/js/src/screens/auth/screens/loginScreen.js">
          <metrics statements="16" coveredstatements="6" conditionals="0" coveredconditionals="0" methods="11" coveredmethods="2"/>
          <line num="8" count="9" type="stmt"/>
          <line num="11" count="9" type="stmt"/>
          <line num="12" count="0" type="stmt"/>
          <line num="18" count="1" type="stmt"/>
          <line num="19" count="1" type="stmt"/>
          <line num="26" count="0" type="stmt"/>
          <line num="27" count="0" type="stmt"/>
          <line num="35" count="0" type="stmt"/>
          <line num="36" count="0" type="stmt"/>
          <line num="37" count="0" type="stmt"/>
          <line num="39" count="0" type="stmt"/>
          <line num="44" count="1" type="stmt"/>
          <line num="53" count="0" type="stmt"/>
          <line num="59" count="0" type="stmt"/>
          <line num="70" count="0" type="stmt"/>
          <line num="110" count="9" type="stmt"/>
        </file>
        <file name="registerScreen.js" path="/Users/frodinm/Desktop/SOEN341-SC4/resources/assets/js/src/screens/auth/screens/registerScreen.js">
          <metrics statements="3" coveredstatements="3" conditionals="0" coveredconditionals="0" methods="2" coveredmethods="2"/>
          <line num="7" count="1" type="stmt"/>
          <line num="8" count="1" type="stmt"/>
          <line num="21" count="1" type="stmt"/>
        </file>
      </package>
      <package name="resources.assets.js.src.util">
        <metrics statements="2" coveredstatements="2" conditionals="0" coveredconditionals="0" methods="1" coveredmethods="1"/>
        <file name="actionHelper.js" path="/Users/frodinm/Desktop/SOEN341-SC4/resources/assets/js/src/util/actionHelper.js">
          <metrics statements="2" coveredstatements="2" conditionals="0" coveredconditionals="0" methods="1" coveredmethods="1"/>
          <line num="1" count="9" type="stmt"/>
          <line num="2" count="36" type="stmt"/>
        </file>
        <file name="index.js" path="/Users/frodinm/Desktop/SOEN341-SC4/resources/assets/js/src/util/index.js">
          <metrics statements="0" coveredstatements="0" conditionals="0" coveredconditionals="0" methods="0" coveredmethods="0"/>
        </file>
      </package>
      <package name="resources.assets.test">
        <metrics statements="1" coveredstatements="1" conditionals="0" coveredconditionals="0" methods="0" coveredmethods="0"/>
        <file name="setupTests.js" path="/Users/frodinm/Desktop/SOEN341-SC4/resources/assets/test/setupTests.js">
          <metrics statements="1" coveredstatements="1" conditionals="0" coveredconditionals="0" methods="0" coveredmethods="0"/>
          <line num="4" count="11" type="stmt"/>
        </file>
      </package>
    </metrics>
  </project>
</coverage>
