{"/Users/frodinm/Desktop/SOEN341-SC4/__mock__/styleMock.js": {"path":"/Users/frodinm/Desktop/SOEN341-SC4/__mock__/styleMock.js","statementMap":{"0":{"start":{"line":1,"column":0},"end":{"line":1,"column":20}}},"fnMap":{},"branchMap":{},"s":{"0":9},"f":{},"b":{},"_coverageSchema":"332fd63041d2c1bcb487cc26dd0d5f7d97098a6c","hash":"7de2273cd208c2033e5191c935f41547b69b265f"}
,"/Users/frodinm/Desktop/SOEN341-SC4/resources/assets/js/src/app.js": {"path":"/Users/frodinm/Desktop/SOEN341-SC4/resources/assets/js/src/app.js","statementMap":{"0":{"start":{"line":11,"column":24},"end":{"line":14,"column":2}},"1":{"start":{"line":11,"column":33},"end":{"line":14,"column":1}},"2":{"start":{"line":15,"column":27},"end":{"line":17,"column":2}},"3":{"start":{"line":15,"column":39},"end":{"line":17,"column":1}},"4":{"start":{"line":16,"column":34},"end":{"line":16,"column":59}},"5":{"start":{"line":22,"column":8},"end":{"line":22,"column":16}},"6":{"start":{"line":23,"column":8},"end":{"line":40,"column":10}},"7":{"start":{"line":44,"column":8},"end":{"line":58,"column":9}},"8":{"start":{"line":45,"column":12},"end":{"line":50,"column":14}},"9":{"start":{"line":48,"column":44},"end":{"line":48,"column":64}},"10":{"start":{"line":52,"column":12},"end":{"line":57,"column":14}},"11":{"start":{"line":62,"column":8},"end":{"line":62,"column":43}},"12":{"start":{"line":66,"column":8},"end":{"line":71,"column":10}},"13":{"start":{"line":67,"column":11},"end":{"line":67,"column":59}},"14":{"start":{"line":68,"column":11},"end":{"line":68,"column":28}},"15":{"start":{"line":75,"column":30},"end":{"line":75,"column":32}},"16":{"start":{"line":77,"column":8},"end":{"line":82,"column":11}},"17":{"start":{"line":79,"column":12},"end":{"line":81,"column":13}},"18":{"start":{"line":80,"column":16},"end":{"line":80,"column":50}},"19":{"start":{"line":83,"column":8},"end":{"line":85,"column":11}},"20":{"start":{"line":89,"column":8},"end":{"line":114,"column":10}},"21":{"start":{"line":96,"column":47},"end":{"line":96,"column":80}},"22":{"start":{"line":118,"column":25},"end":{"line":118,"column":73}}},"fnMap":{"0":{"name":"(anonymous_0)","decl":{"start":{"line":11,"column":24},"end":{"line":11,"column":25}},"loc":{"start":{"line":11,"column":33},"end":{"line":14,"column":1}},"line":11},"1":{"name":"(anonymous_1)","decl":{"start":{"line":15,"column":27},"end":{"line":15,"column":28}},"loc":{"start":{"line":15,"column":39},"end":{"line":17,"column":1}},"line":15},"2":{"name":"(anonymous_2)","decl":{"start":{"line":16,"column":28},"end":{"line":16,"column":29}},"loc":{"start":{"line":16,"column":34},"end":{"line":16,"column":59}},"line":16},"3":{"name":"(anonymous_3)","decl":{"start":{"line":21,"column":4},"end":{"line":21,"column":5}},"loc":{"start":{"line":21,"column":17},"end":{"line":41,"column":5}},"line":21},"4":{"name":"(anonymous_4)","decl":{"start":{"line":43,"column":4},"end":{"line":43,"column":5}},"loc":{"start":{"line":43,"column":16},"end":{"line":59,"column":5}},"line":43},"5":{"name":"(anonymous_5)","decl":{"start":{"line":48,"column":40},"end":{"line":48,"column":41}},"loc":{"start":{"line":48,"column":44},"end":{"line":48,"column":64}},"line":48},"6":{"name":"(anonymous_6)","decl":{"start":{"line":61,"column":4},"end":{"line":61,"column":5}},"loc":{"start":{"line":61,"column":19},"end":{"line":63,"column":5}},"line":61},"7":{"name":"(anonymous_7)","decl":{"start":{"line":65,"column":4},"end":{"line":65,"column":5}},"loc":{"start":{"line":65,"column":24},"end":{"line":72,"column":5}},"line":65},"8":{"name":"(anonymous_8)","decl":{"start":{"line":66,"column":28},"end":{"line":66,"column":29}},"loc":{"start":{"line":66,"column":35},"end":{"line":69,"column":8}},"line":66},"9":{"name":"(anonymous_9)","decl":{"start":{"line":69,"column":16},"end":{"line":69,"column":17}},"loc":{"start":{"line":69,"column":20},"end":{"line":71,"column":8}},"line":69},"10":{"name":"(anonymous_10)","decl":{"start":{"line":74,"column":4},"end":{"line":74,"column":5}},"loc":{"start":{"line":74,"column":32},"end":{"line":86,"column":5}},"line":74},"11":{"name":"(anonymous_11)","decl":{"start":{"line":77,"column":28},"end":{"line":77,"column":29}},"loc":{"start":{"line":77,"column":43},"end":{"line":82,"column":9}},"line":77},"12":{"name":"(anonymous_12)","decl":{"start":{"line":88,"column":4},"end":{"line":88,"column":5}},"loc":{"start":{"line":88,"column":13},"end":{"line":115,"column":5}},"line":88},"13":{"name":"(anonymous_13)","decl":{"start":{"line":96,"column":38},"end":{"line":96,"column":39}},"loc":{"start":{"line":96,"column":47},"end":{"line":96,"column":80}},"line":96}},"branchMap":{"0":{"loc":{"start":{"line":44,"column":8},"end":{"line":58,"column":9}},"type":"if","locations":[{"start":{"line":44,"column":8},"end":{"line":58,"column":9}},{"start":{"line":44,"column":8},"end":{"line":58,"column":9}}],"line":44},"1":{"loc":{"start":{"line":79,"column":12},"end":{"line":81,"column":13}},"type":"if","locations":[{"start":{"line":79,"column":12},"end":{"line":81,"column":13}},{"start":{"line":79,"column":12},"end":{"line":81,"column":13}}],"line":79}},"s":{"0":1,"1":0,"2":1,"3":0,"4":0,"5":1,"6":1,"7":1,"8":0,"9":0,"10":1,"11":0,"12":1,"13":0,"14":0,"15":0,"16":0,"17":0,"18":0,"19":0,"20":1,"21":0,"22":1},"f":{"0":0,"1":0,"2":0,"3":1,"4":1,"5":0,"6":0,"7":1,"8":0,"9":1,"10":0,"11":0,"12":1,"13":0},"b":{"0":[0,1],"1":[0,0]},"_coverageSchema":"332fd63041d2c1bcb487cc26dd0d5f7d97098a6c","hash":"4bd6b936471e81add4c29718218fc690c8c00d54"}
,"/Users/frodinm/Desktop/SOEN341-SC4/resources/assets/js/src/api/api.js": {"path":"/Users/frodinm/Desktop/SOEN341-SC4/resources/assets/js/src/api/api.js","statementMap":{"0":{"start":{"line":3,"column":27},"end":{"line":8,"column":1}},"1":{"start":{"line":4,"column":4},"end":{"line":7,"column":7}},"2":{"start":{"line":10,"column":37},"end":{"line":12,"column":1}},"3":{"start":{"line":11,"column":4},"end":{"line":11,"column":31}},"4":{"start":{"line":14,"column":32},"end":{"line":18,"column":1}},"5":{"start":{"line":15,"column":4},"end":{"line":17,"column":7}},"6":{"start":{"line":20,"column":30},"end":{"line":29,"column":1}},"7":{"start":{"line":21,"column":4},"end":{"line":28,"column":7}},"8":{"start":{"line":31,"column":28},"end":{"line":33,"column":1}},"9":{"start":{"line":32,"column":4},"end":{"line":32,"column":35}},"10":{"start":{"line":35,"column":27},"end":{"line":42,"column":1}},"11":{"start":{"line":36,"column":4},"end":{"line":41,"column":7}},"12":{"start":{"line":44,"column":31},"end":{"line":54,"column":1}},"13":{"start":{"line":45,"column":4},"end":{"line":53,"column":7}},"14":{"start":{"line":56,"column":32},"end":{"line":65,"column":1}},"15":{"start":{"line":57,"column":4},"end":{"line":64,"column":7}},"16":{"start":{"line":67,"column":33},"end":{"line":76,"column":1}},"17":{"start":{"line":68,"column":4},"end":{"line":75,"column":7}},"18":{"start":{"line":78,"column":29},"end":{"line":85,"column":1}},"19":{"start":{"line":79,"column":4},"end":{"line":84,"column":7}},"20":{"start":{"line":87,"column":26},"end":{"line":94,"column":1}},"21":{"start":{"line":88,"column":4},"end":{"line":93,"column":7}},"22":{"start":{"line":97,"column":31},"end":{"line":106,"column":1}},"23":{"start":{"line":98,"column":4},"end":{"line":105,"column":7}},"24":{"start":{"line":108,"column":28},"end":{"line":115,"column":1}},"25":{"start":{"line":109,"column":4},"end":{"line":114,"column":7}},"26":{"start":{"line":117,"column":37},"end":{"line":126,"column":1}},"27":{"start":{"line":118,"column":4},"end":{"line":125,"column":7}},"28":{"start":{"line":128,"column":34},"end":{"line":135,"column":1}},"29":{"start":{"line":129,"column":4},"end":{"line":134,"column":7}},"30":{"start":{"line":137,"column":33},"end":{"line":145,"column":1}},"31":{"start":{"line":138,"column":4},"end":{"line":144,"column":7}},"32":{"start":{"line":147,"column":35},"end":{"line":155,"column":1}},"33":{"start":{"line":148,"column":4},"end":{"line":154,"column":7}}},"fnMap":{"0":{"name":"(anonymous_0)","decl":{"start":{"line":3,"column":27},"end":{"line":3,"column":28}},"loc":{"start":{"line":3,"column":32},"end":{"line":8,"column":1}},"line":3},"1":{"name":"(anonymous_1)","decl":{"start":{"line":10,"column":37},"end":{"line":10,"column":38}},"loc":{"start":{"line":10,"column":42},"end":{"line":12,"column":1}},"line":10},"2":{"name":"(anonymous_2)","decl":{"start":{"line":14,"column":32},"end":{"line":14,"column":33}},"loc":{"start":{"line":14,"column":37},"end":{"line":18,"column":1}},"line":14},"3":{"name":"(anonymous_3)","decl":{"start":{"line":20,"column":30},"end":{"line":20,"column":31}},"loc":{"start":{"line":20,"column":53},"end":{"line":29,"column":1}},"line":20},"4":{"name":"(anonymous_4)","decl":{"start":{"line":31,"column":28},"end":{"line":31,"column":29}},"loc":{"start":{"line":31,"column":33},"end":{"line":33,"column":1}},"line":31},"5":{"name":"(anonymous_5)","decl":{"start":{"line":35,"column":27},"end":{"line":35,"column":28}},"loc":{"start":{"line":35,"column":34},"end":{"line":42,"column":1}},"line":35},"6":{"name":"(anonymous_6)","decl":{"start":{"line":44,"column":31},"end":{"line":44,"column":32}},"loc":{"start":{"line":44,"column":73},"end":{"line":54,"column":1}},"line":44},"7":{"name":"(anonymous_7)","decl":{"start":{"line":56,"column":32},"end":{"line":56,"column":33}},"loc":{"start":{"line":56,"column":62},"end":{"line":65,"column":1}},"line":56},"8":{"name":"(anonymous_8)","decl":{"start":{"line":67,"column":33},"end":{"line":67,"column":34}},"loc":{"start":{"line":67,"column":63},"end":{"line":76,"column":1}},"line":67},"9":{"name":"(anonymous_9)","decl":{"start":{"line":78,"column":29},"end":{"line":78,"column":30}},"loc":{"start":{"line":78,"column":45},"end":{"line":85,"column":1}},"line":78},"10":{"name":"(anonymous_10)","decl":{"start":{"line":87,"column":26},"end":{"line":87,"column":27}},"loc":{"start":{"line":87,"column":42},"end":{"line":94,"column":1}},"line":87},"11":{"name":"(anonymous_11)","decl":{"start":{"line":97,"column":31},"end":{"line":97,"column":32}},"loc":{"start":{"line":97,"column":43},"end":{"line":106,"column":1}},"line":97},"12":{"name":"(anonymous_12)","decl":{"start":{"line":108,"column":28},"end":{"line":108,"column":29}},"loc":{"start":{"line":108,"column":35},"end":{"line":115,"column":1}},"line":108},"13":{"name":"(anonymous_13)","decl":{"start":{"line":117,"column":37},"end":{"line":117,"column":38}},"loc":{"start":{"line":117,"column":49},"end":{"line":126,"column":1}},"line":117},"14":{"name":"(anonymous_14)","decl":{"start":{"line":128,"column":34},"end":{"line":128,"column":35}},"loc":{"start":{"line":128,"column":41},"end":{"line":135,"column":1}},"line":128},"15":{"name":"(anonymous_15)","decl":{"start":{"line":137,"column":33},"end":{"line":137,"column":34}},"loc":{"start":{"line":137,"column":40},"end":{"line":145,"column":1}},"line":137},"16":{"name":"(anonymous_16)","decl":{"start":{"line":147,"column":35},"end":{"line":147,"column":36}},"loc":{"start":{"line":147,"column":42},"end":{"line":155,"column":1}},"line":147}},"branchMap":{},"s":{"0":9,"1":0,"2":9,"3":0,"4":9,"5":0,"6":9,"7":0,"8":9,"9":1,"10":9,"11":0,"12":9,"13":0,"14":9,"15":0,"16":9,"17":0,"18":9,"19":1,"20":9,"21":1,"22":9,"23":0,"24":9,"25":0,"26":9,"27":0,"28":9,"29":0,"30":9,"31":0,"32":9,"33":0},"f":{"0":0,"1":0,"2":0,"3":0,"4":1,"5":0,"6":0,"7":0,"8":0,"9":1,"10":1,"11":0,"12":0,"13":0,"14":0,"15":0,"16":0},"b":{},"_coverageSchema":"332fd63041d2c1bcb487cc26dd0d5f7d97098a6c","hash":"d46adc74c2ddd748a9a14a678845221e2f8f48e7"}
,"/Users/frodinm/Desktop/SOEN341-SC4/resources/assets/js/src/api/index.js": {"path":"/Users/frodinm/Desktop/SOEN341-SC4/resources/assets/js/src/api/index.js","statementMap":{},"fnMap":{},"branchMap":{},"s":{},"f":{},"b":{},"_coverageSchema":"332fd63041d2c1bcb487cc26dd0d5f7d97098a6c","hash":"aa92da00f0634e66d58e67cf57eeecaf6beb0c28"}
,"/Users/frodinm/Desktop/SOEN341-SC4/resources/assets/js/src/components/AnswerVoting.component.js": {"path":"/Users/frodinm/Desktop/SOEN341-SC4/resources/assets/js/src/components/AnswerVoting.component.js","statementMap":{"0":{"start":{"line":7,"column":15},"end":{"line":7,"column":23}},"1":{"start":{"line":8,"column":17},"end":{"line":8,"column":27}},"2":{"start":{"line":12,"column":4},"end":{"line":12,"column":12}},"3":{"start":{"line":13,"column":4},"end":{"line":15,"column":6}},"4":{"start":{"line":20,"column":4},"end":{"line":26,"column":11}},"5":{"start":{"line":21,"column":8},"end":{"line":25,"column":11}},"6":{"start":{"line":22,"column":12},"end":{"line":22,"column":51}},"7":{"start":{"line":24,"column":12},"end":{"line":24,"column":29}},"8":{"start":{"line":30,"column":4},"end":{"line":38,"column":5}},"9":{"start":{"line":31,"column":8},"end":{"line":35,"column":9}},"10":{"start":{"line":32,"column":10},"end":{"line":32,"column":49}},"11":{"start":{"line":34,"column":10},"end":{"line":34,"column":27}},"12":{"start":{"line":37,"column":6},"end":{"line":37,"column":23}},"13":{"start":{"line":41,"column":17},"end":{"line":41,"column":27}},"14":{"start":{"line":42,"column":4},"end":{"line":56,"column":6}},"15":{"start":{"line":46,"column":44},"end":{"line":46,"column":70}},"16":{"start":{"line":49,"column":43},"end":{"line":49,"column":71}}},"fnMap":{"0":{"name":"(anonymous_0)","decl":{"start":{"line":11,"column":2},"end":{"line":11,"column":3}},"loc":{"start":{"line":11,"column":15},"end":{"line":17,"column":3}},"line":11},"1":{"name":"(anonymous_1)","decl":{"start":{"line":19,"column":2},"end":{"line":19,"column":3}},"loc":{"start":{"line":19,"column":21},"end":{"line":27,"column":3}},"line":19},"2":{"name":"(anonymous_2)","decl":{"start":{"line":20,"column":15},"end":{"line":20,"column":16}},"loc":{"start":{"line":20,"column":19},"end":{"line":26,"column":5}},"line":20},"3":{"name":"(anonymous_3)","decl":{"start":{"line":21,"column":47},"end":{"line":21,"column":48}},"loc":{"start":{"line":21,"column":54},"end":{"line":23,"column":9}},"line":21},"4":{"name":"(anonymous_4)","decl":{"start":{"line":23,"column":17},"end":{"line":23,"column":18}},"loc":{"start":{"line":23,"column":24},"end":{"line":25,"column":9}},"line":23},"5":{"name":"(anonymous_5)","decl":{"start":{"line":29,"column":2},"end":{"line":29,"column":3}},"loc":{"start":{"line":29,"column":21},"end":{"line":39,"column":3}},"line":29},"6":{"name":"(anonymous_6)","decl":{"start":{"line":30,"column":40},"end":{"line":30,"column":41}},"loc":{"start":{"line":30,"column":44},"end":{"line":36,"column":3}},"line":30},"7":{"name":"(anonymous_7)","decl":{"start":{"line":31,"column":47},"end":{"line":31,"column":48}},"loc":{"start":{"line":31,"column":54},"end":{"line":33,"column":7}},"line":31},"8":{"name":"(anonymous_8)","decl":{"start":{"line":33,"column":15},"end":{"line":33,"column":16}},"loc":{"start":{"line":33,"column":22},"end":{"line":35,"column":7}},"line":33},"9":{"name":"(anonymous_9)","decl":{"start":{"line":36,"column":11},"end":{"line":36,"column":12}},"loc":{"start":{"line":36,"column":18},"end":{"line":38,"column":3}},"line":36},"10":{"name":"(anonymous_10)","decl":{"start":{"line":40,"column":2},"end":{"line":40,"column":3}},"loc":{"start":{"line":40,"column":11},"end":{"line":57,"column":3}},"line":40},"11":{"name":"(anonymous_11)","decl":{"start":{"line":46,"column":40},"end":{"line":46,"column":41}},"loc":{"start":{"line":46,"column":44},"end":{"line":46,"column":70}},"line":46},"12":{"name":"(anonymous_12)","decl":{"start":{"line":49,"column":39},"end":{"line":49,"column":40}},"loc":{"start":{"line":49,"column":43},"end":{"line":49,"column":71}},"line":49}},"branchMap":{},"s":{"0":9,"1":9,"2":1,"3":1,"4":1,"5":0,"6":0,"7":0,"8":0,"9":0,"10":0,"11":0,"12":0,"13":1,"14":1,"15":0,"16":0},"f":{"0":1,"1":1,"2":0,"3":0,"4":0,"5":0,"6":0,"7":0,"8":0,"9":0,"10":1,"11":0,"12":0},"b":{},"_coverageSchema":"332fd63041d2c1bcb487cc26dd0d5f7d97098a6c","hash":"28e8ebf5fa8ce1cffde33eca441790034de4276b"}
,"/Users/frodinm/Desktop/SOEN341-SC4/resources/assets/js/src/components/ListQuestions.component.js": {"path":"/Users/frodinm/Desktop/SOEN341-SC4/resources/assets/js/src/components/ListQuestions.component.js","statementMap":{"0":{"start":{"line":9,"column":8},"end":{"line":9,"column":16}},"1":{"start":{"line":13,"column":8},"end":{"line":13,"column":32}},"2":{"start":{"line":17,"column":8},"end":{"line":35,"column":10}},"3":{"start":{"line":19,"column":16},"end":{"line":32,"column":18}},"4":{"start":{"line":23,"column":75},"end":{"line":23,"column":106}}},"fnMap":{"0":{"name":"(anonymous_0)","decl":{"start":{"line":8,"column":4},"end":{"line":8,"column":5}},"loc":{"start":{"line":8,"column":18},"end":{"line":10,"column":5}},"line":8},"1":{"name":"(anonymous_1)","decl":{"start":{"line":12,"column":4},"end":{"line":12,"column":5}},"loc":{"start":{"line":12,"column":18},"end":{"line":14,"column":5}},"line":12},"2":{"name":"(anonymous_2)","decl":{"start":{"line":16,"column":4},"end":{"line":16,"column":5}},"loc":{"start":{"line":16,"column":13},"end":{"line":36,"column":5}},"line":16},"3":{"name":"(anonymous_3)","decl":{"start":{"line":18,"column":58},"end":{"line":18,"column":59}},"loc":{"start":{"line":18,"column":79},"end":{"line":33,"column":12}},"line":18},"4":{"name":"(anonymous_4)","decl":{"start":{"line":23,"column":71},"end":{"line":23,"column":72}},"loc":{"start":{"line":23,"column":75},"end":{"line":23,"column":106}},"line":23}},"branchMap":{},"s":{"0":1,"1":0,"2":1,"3":1,"4":0},"f":{"0":1,"1":0,"2":1,"3":1,"4":0},"b":{},"_coverageSchema":"332fd63041d2c1bcb487cc26dd0d5f7d97098a6c","hash":"9c45fea23718650b10412cea308095bea0a71a0b"}
,"/Users/frodinm/Desktop/SOEN341-SC4/resources/assets/js/src/components/downvoteButton.component.js": {"path":"/Users/frodinm/Desktop/SOEN341-SC4/resources/assets/js/src/components/downvoteButton.component.js","statementMap":{"0":{"start":{"line":6,"column":8},"end":{"line":10,"column":10}}},"fnMap":{"0":{"name":"(anonymous_0)","decl":{"start":{"line":5,"column":4},"end":{"line":5,"column":5}},"loc":{"start":{"line":5,"column":12},"end":{"line":11,"column":5}},"line":5}},"branchMap":{},"s":{"0":1},"f":{"0":1},"b":{},"_coverageSchema":"332fd63041d2c1bcb487cc26dd0d5f7d97098a6c","hash":"7c15b9e97fdd5e723d53a967308b311490d48d8c"}
,"/Users/frodinm/Desktop/SOEN341-SC4/resources/assets/js/src/components/header.component.js": {"path":"/Users/frodinm/Desktop/SOEN341-SC4/resources/assets/js/src/components/header.component.js","statementMap":{"0":{"start":{"line":7,"column":24},"end":{"line":10,"column":2}},"1":{"start":{"line":7,"column":33},"end":{"line":10,"column":1}},"2":{"start":{"line":11,"column":27},"end":{"line":13,"column":2}},"3":{"start":{"line":11,"column":39},"end":{"line":13,"column":1}},"4":{"start":{"line":12,"column":34},"end":{"line":12,"column":59}},"5":{"start":{"line":18,"column":8},"end":{"line":18,"column":16}},"6":{"start":{"line":19,"column":8},"end":{"line":21,"column":10}},"7":{"start":{"line":26,"column":8},"end":{"line":26,"column":43}},"8":{"start":{"line":31,"column":8},"end":{"line":47,"column":9}},"9":{"start":{"line":32,"column":12},"end":{"line":39,"column":14}},"10":{"start":{"line":36,"column":70},"end":{"line":36,"column":90}},"11":{"start":{"line":41,"column":12},"end":{"line":46,"column":10}},"12":{"start":{"line":51,"column":8},"end":{"line":83,"column":10}},"13":{"start":{"line":74,"column":47},"end":{"line":74,"column":70}},"14":{"start":{"line":87,"column":22},"end":{"line":87,"column":82}}},"fnMap":{"0":{"name":"(anonymous_0)","decl":{"start":{"line":7,"column":24},"end":{"line":7,"column":25}},"loc":{"start":{"line":7,"column":33},"end":{"line":10,"column":1}},"line":7},"1":{"name":"(anonymous_1)","decl":{"start":{"line":11,"column":27},"end":{"line":11,"column":28}},"loc":{"start":{"line":11,"column":39},"end":{"line":13,"column":1}},"line":11},"2":{"name":"(anonymous_2)","decl":{"start":{"line":12,"column":28},"end":{"line":12,"column":29}},"loc":{"start":{"line":12,"column":34},"end":{"line":12,"column":59}},"line":12},"3":{"name":"(anonymous_3)","decl":{"start":{"line":17,"column":4},"end":{"line":17,"column":5}},"loc":{"start":{"line":17,"column":17},"end":{"line":22,"column":5}},"line":17},"4":{"name":"(anonymous_4)","decl":{"start":{"line":25,"column":4},"end":{"line":25,"column":5}},"loc":{"start":{"line":25,"column":19},"end":{"line":27,"column":5}},"line":25},"5":{"name":"(anonymous_5)","decl":{"start":{"line":30,"column":4},"end":{"line":30,"column":5}},"loc":{"start":{"line":30,"column":16},"end":{"line":48,"column":5}},"line":30},"6":{"name":"(anonymous_6)","decl":{"start":{"line":36,"column":66},"end":{"line":36,"column":67}},"loc":{"start":{"line":36,"column":70},"end":{"line":36,"column":90}},"line":36},"7":{"name":"(anonymous_7)","decl":{"start":{"line":50,"column":4},"end":{"line":50,"column":5}},"loc":{"start":{"line":50,"column":12},"end":{"line":84,"column":5}},"line":50},"8":{"name":"(anonymous_8)","decl":{"start":{"line":74,"column":38},"end":{"line":74,"column":39}},"loc":{"start":{"line":74,"column":47},"end":{"line":74,"column":70}},"line":74}},"branchMap":{"0":{"loc":{"start":{"line":31,"column":8},"end":{"line":47,"column":9}},"type":"if","locations":[{"start":{"line":31,"column":8},"end":{"line":47,"column":9}},{"start":{"line":31,"column":8},"end":{"line":47,"column":9}}],"line":31}},"s":{"0":9,"1":0,"2":9,"3":0,"4":0,"5":1,"6":1,"7":0,"8":1,"9":0,"10":0,"11":1,"12":1,"13":0,"14":9},"f":{"0":0,"1":0,"2":0,"3":1,"4":0,"5":1,"6":0,"7":1,"8":0},"b":{"0":[0,1]},"_coverageSchema":"332fd63041d2c1bcb487cc26dd0d5f7d97098a6c","hash":"a5b5e31404cc3b684dda2187a42df3cb2e3c675d"}
,"/Users/frodinm/Desktop/SOEN341-SC4/resources/assets/js/src/components/index.js": {"path":"/Users/frodinm/Desktop/SOEN341-SC4/resources/assets/js/src/components/index.js","statementMap":{},"fnMap":{},"branchMap":{},"s":{},"f":{},"b":{},"_coverageSchema":"332fd63041d2c1bcb487cc26dd0d5f7d97098a6c","hash":"df2b292b5c975b1669c610382461fd9c24bfb1e5"}
,"/Users/frodinm/Desktop/SOEN341-SC4/resources/assets/js/src/components/upvoteButton.component.js": {"path":"/Users/frodinm/Desktop/SOEN341-SC4/resources/assets/js/src/components/upvoteButton.component.js","statementMap":{"0":{"start":{"line":6,"column":8},"end":{"line":11,"column":10}}},"fnMap":{"0":{"name":"(anonymous_0)","decl":{"start":{"line":5,"column":4},"end":{"line":5,"column":5}},"loc":{"start":{"line":5,"column":12},"end":{"line":12,"column":5}},"line":5}},"branchMap":{},"s":{"0":1},"f":{"0":1},"b":{},"_coverageSchema":"332fd63041d2c1bcb487cc26dd0d5f7d97098a6c","hash":"ff52513f3d6b07802686114f3767af1732fa063d"}
,"/Users/frodinm/Desktop/SOEN341-SC4/resources/assets/js/src/components/voting.component.js": {"path":"/Users/frodinm/Desktop/SOEN341-SC4/resources/assets/js/src/components/voting.component.js","statementMap":{"0":{"start":{"line":7,"column":15},"end":{"line":7,"column":23}},"1":{"start":{"line":8,"column":17},"end":{"line":8,"column":27}},"2":{"start":{"line":12,"column":4},"end":{"line":12,"column":12}},"3":{"start":{"line":13,"column":4},"end":{"line":15,"column":6}},"4":{"start":{"line":20,"column":4},"end":{"line":27,"column":11}},"5":{"start":{"line":22,"column":4},"end":{"line":26,"column":9}},"6":{"start":{"line":23,"column":8},"end":{"line":23,"column":47}},"7":{"start":{"line":25,"column":8},"end":{"line":25,"column":25}},"8":{"start":{"line":31,"column":4},"end":{"line":39,"column":5}},"9":{"start":{"line":32,"column":6},"end":{"line":36,"column":9}},"10":{"start":{"line":33,"column":10},"end":{"line":33,"column":49}},"11":{"start":{"line":35,"column":10},"end":{"line":35,"column":27}},"12":{"start":{"line":38,"column":6},"end":{"line":38,"column":23}},"13":{"start":{"line":42,"column":17},"end":{"line":42,"column":27}},"14":{"start":{"line":43,"column":4},"end":{"line":57,"column":6}},"15":{"start":{"line":47,"column":44},"end":{"line":47,"column":70}},"16":{"start":{"line":50,"column":43},"end":{"line":50,"column":71}}},"fnMap":{"0":{"name":"(anonymous_0)","decl":{"start":{"line":11,"column":2},"end":{"line":11,"column":3}},"loc":{"start":{"line":11,"column":15},"end":{"line":17,"column":3}},"line":11},"1":{"name":"(anonymous_1)","decl":{"start":{"line":19,"column":2},"end":{"line":19,"column":3}},"loc":{"start":{"line":19,"column":21},"end":{"line":28,"column":3}},"line":19},"2":{"name":"(anonymous_2)","decl":{"start":{"line":20,"column":15},"end":{"line":20,"column":16}},"loc":{"start":{"line":20,"column":19},"end":{"line":27,"column":5}},"line":20},"3":{"name":"(anonymous_3)","decl":{"start":{"line":22,"column":37},"end":{"line":22,"column":38}},"loc":{"start":{"line":22,"column":44},"end":{"line":24,"column":7}},"line":22},"4":{"name":"(anonymous_4)","decl":{"start":{"line":24,"column":15},"end":{"line":24,"column":16}},"loc":{"start":{"line":24,"column":22},"end":{"line":26,"column":7}},"line":24},"5":{"name":"(anonymous_5)","decl":{"start":{"line":30,"column":2},"end":{"line":30,"column":3}},"loc":{"start":{"line":30,"column":21},"end":{"line":40,"column":3}},"line":30},"6":{"name":"(anonymous_6)","decl":{"start":{"line":31,"column":34},"end":{"line":31,"column":35}},"loc":{"start":{"line":31,"column":38},"end":{"line":37,"column":3}},"line":31},"7":{"name":"(anonymous_7)","decl":{"start":{"line":32,"column":39},"end":{"line":32,"column":40}},"loc":{"start":{"line":32,"column":46},"end":{"line":34,"column":7}},"line":32},"8":{"name":"(anonymous_8)","decl":{"start":{"line":34,"column":15},"end":{"line":34,"column":16}},"loc":{"start":{"line":34,"column":22},"end":{"line":36,"column":7}},"line":34},"9":{"name":"(anonymous_9)","decl":{"start":{"line":37,"column":11},"end":{"line":37,"column":12}},"loc":{"start":{"line":37,"column":18},"end":{"line":39,"column":3}},"line":37},"10":{"name":"(anonymous_10)","decl":{"start":{"line":41,"column":2},"end":{"line":41,"column":3}},"loc":{"start":{"line":41,"column":11},"end":{"line":58,"column":3}},"line":41},"11":{"name":"(anonymous_11)","decl":{"start":{"line":47,"column":40},"end":{"line":47,"column":41}},"loc":{"start":{"line":47,"column":44},"end":{"line":47,"column":70}},"line":47},"12":{"name":"(anonymous_12)","decl":{"start":{"line":50,"column":39},"end":{"line":50,"column":40}},"loc":{"start":{"line":50,"column":43},"end":{"line":50,"column":71}},"line":50}},"branchMap":{},"s":{"0":9,"1":9,"2":1,"3":1,"4":1,"5":0,"6":0,"7":0,"8":0,"9":0,"10":0,"11":0,"12":0,"13":1,"14":1,"15":0,"16":0},"f":{"0":1,"1":1,"2":0,"3":0,"4":0,"5":0,"6":0,"7":0,"8":0,"9":0,"10":1,"11":0,"12":0},"b":{},"_coverageSchema":"332fd63041d2c1bcb487cc26dd0d5f7d97098a6c","hash":"dd0383457519809a64aa4c2b968fbc3e84f08843"}
,"/Users/frodinm/Desktop/SOEN341-SC4/resources/assets/js/src/screens/index.js": {"path":"/Users/frodinm/Desktop/SOEN341-SC4/resources/assets/js/src/screens/index.js","statementMap":{},"fnMap":{},"branchMap":{},"s":{},"f":{},"b":{},"_coverageSchema":"332fd63041d2c1bcb487cc26dd0d5f7d97098a6c","hash":"75f546f7b6d9e6ba4910ccd82385b6db8510e5ec"}
,"/Users/frodinm/Desktop/SOEN341-SC4/resources/assets/js/src/screens/Questions/index.js": {"path":"/Users/frodinm/Desktop/SOEN341-SC4/resources/assets/js/src/screens/Questions/index.js","statementMap":{},"fnMap":{},"branchMap":{},"s":{},"f":{},"b":{},"_coverageSchema":"332fd63041d2c1bcb487cc26dd0d5f7d97098a6c","hash":"408f99b18db65160a44eb1c50ebb632b0888810f"}
,"/Users/frodinm/Desktop/SOEN341-SC4/resources/assets/js/src/screens/Questions/question.action.js": {"path":"/Users/frodinm/Desktop/SOEN341-SC4/resources/assets/js/src/screens/Questions/question.action.js","statementMap":{"0":{"start":{"line":9,"column":33},"end":{"line":18,"column":1}},"1":{"start":{"line":10,"column":4},"end":{"line":17,"column":5}},"2":{"start":{"line":11,"column":8},"end":{"line":11,"column":56}},"3":{"start":{"line":12,"column":8},"end":{"line":16,"column":10}},"4":{"start":{"line":13,"column":12},"end":{"line":13,"column":72}},"5":{"start":{"line":15,"column":12},"end":{"line":15,"column":70}}},"fnMap":{"0":{"name":"(anonymous_0)","decl":{"start":{"line":9,"column":33},"end":{"line":9,"column":34}},"loc":{"start":{"line":9,"column":40},"end":{"line":18,"column":1}},"line":9},"1":{"name":"(anonymous_1)","decl":{"start":{"line":10,"column":11},"end":{"line":10,"column":12}},"loc":{"start":{"line":10,"column":23},"end":{"line":17,"column":5}},"line":10},"2":{"name":"(anonymous_2)","decl":{"start":{"line":12,"column":29},"end":{"line":12,"column":30}},"loc":{"start":{"line":12,"column":36},"end":{"line":14,"column":9}},"line":12},"3":{"name":"(anonymous_3)","decl":{"start":{"line":14,"column":17},"end":{"line":14,"column":18}},"loc":{"start":{"line":14,"column":24},"end":{"line":16,"column":9}},"line":14}},"branchMap":{},"s":{"0":9,"1":0,"2":0,"3":0,"4":0,"5":0},"f":{"0":0,"1":0,"2":0,"3":0},"b":{},"_coverageSchema":"332fd63041d2c1bcb487cc26dd0d5f7d97098a6c","hash":"b82675d4b7c061999a98e49c9a21d0bf2633ad99"}
,"/Users/frodinm/Desktop/SOEN341-SC4/resources/assets/js/src/screens/Questions/question.reducer.js": {"path":"/Users/frodinm/Desktop/SOEN341-SC4/resources/assets/js/src/screens/Questions/question.reducer.js","statementMap":{"0":{"start":{"line":5,"column":21},"end":{"line":17,"column":1}},"1":{"start":{"line":19,"column":31},"end":{"line":42,"column":1}},"2":{"start":{"line":20,"column":4},"end":{"line":41,"column":5}},"3":{"start":{"line":22,"column":8},"end":{"line":26,"column":10}},"4":{"start":{"line":28,"column":8},"end":{"line":32,"column":10}},"5":{"start":{"line":34,"column":8},"end":{"line":38,"column":10}},"6":{"start":{"line":40,"column":8},"end":{"line":40,"column":21}}},"fnMap":{"0":{"name":"(anonymous_0)","decl":{"start":{"line":19,"column":31},"end":{"line":19,"column":32}},"loc":{"start":{"line":19,"column":64},"end":{"line":42,"column":1}},"line":19}},"branchMap":{"0":{"loc":{"start":{"line":19,"column":32},"end":{"line":19,"column":52}},"type":"default-arg","locations":[{"start":{"line":19,"column":40},"end":{"line":19,"column":52}}],"line":19},"1":{"loc":{"start":{"line":20,"column":4},"end":{"line":41,"column":5}},"type":"switch","locations":[{"start":{"line":21,"column":8},"end":{"line":26,"column":10}},{"start":{"line":27,"column":8},"end":{"line":32,"column":10}},{"start":{"line":33,"column":8},"end":{"line":38,"column":10}},{"start":{"line":39,"column":8},"end":{"line":40,"column":21}}],"line":20}},"s":{"0":9,"1":9,"2":0,"3":0,"4":0,"5":0,"6":0},"f":{"0":0},"b":{"0":[0],"1":[0,0,0,0]},"_coverageSchema":"332fd63041d2c1bcb487cc26dd0d5f7d97098a6c","hash":"332b4ae48336f5327ff0cce9246f96aab0aa605d"}
,"/Users/frodinm/Desktop/SOEN341-SC4/resources/assets/js/src/screens/Questions/question.type.js": {"path":"/Users/frodinm/Desktop/SOEN341-SC4/resources/assets/js/src/screens/Questions/question.type.js","statementMap":{"0":{"start":{"line":3,"column":36},"end":{"line":3,"column":72}}},"fnMap":{},"branchMap":{},"s":{"0":9},"f":{},"b":{},"_coverageSchema":"332fd63041d2c1bcb487cc26dd0d5f7d97098a6c","hash":"0d0cbf3e7cbb9d0d9e180d230eeb0919383afa0b"}
,"/Users/frodinm/Desktop/SOEN341-SC4/resources/assets/js/src/screens/Questions/screens/AnswerQuestion.screen.js": {"path":"/Users/frodinm/Desktop/SOEN341-SC4/resources/assets/js/src/screens/Questions/screens/AnswerQuestion.screen.js","statementMap":{"0":{"start":{"line":11,"column":24},"end":{"line":15,"column":2}},"1":{"start":{"line":11,"column":33},"end":{"line":15,"column":1}},"2":{"start":{"line":16,"column":27},"end":{"line":18,"column":2}},"3":{"start":{"line":16,"column":39},"end":{"line":18,"column":1}},"4":{"start":{"line":17,"column":39},"end":{"line":17,"column":71}},"5":{"start":{"line":23,"column":8},"end":{"line":23,"column":16}},"6":{"start":{"line":24,"column":8},"end":{"line":33,"column":10}},"7":{"start":{"line":37,"column":44},"end":{"line":37,"column":54}},"8":{"start":{"line":38,"column":8},"end":{"line":38,"column":72}},"9":{"start":{"line":41,"column":8},"end":{"line":44,"column":11}},"10":{"start":{"line":42,"column":12},"end":{"line":42,"column":101}},"11":{"start":{"line":45,"column":8},"end":{"line":53,"column":11}},"12":{"start":{"line":46,"column":12},"end":{"line":46,"column":29}},"13":{"start":{"line":47,"column":12},"end":{"line":51,"column":15}},"14":{"start":{"line":58,"column":8},"end":{"line":60,"column":11}},"15":{"start":{"line":64,"column":8},"end":{"line":67,"column":11}},"16":{"start":{"line":71,"column":8},"end":{"line":86,"column":9}},"17":{"start":{"line":72,"column":12},"end":{"line":72,"column":57}},"18":{"start":{"line":73,"column":12},"end":{"line":73,"column":44}},"19":{"start":{"line":74,"column":14},"end":{"line":86,"column":9}},"20":{"start":{"line":75,"column":12},"end":{"line":75,"column":58}},"21":{"start":{"line":77,"column":12},"end":{"line":77,"column":83}},"22":{"start":{"line":78,"column":12},"end":{"line":85,"column":19}},"23":{"start":{"line":79,"column":16},"end":{"line":84,"column":19}},"24":{"start":{"line":80,"column":20},"end":{"line":80,"column":110}},"25":{"start":{"line":81,"column":20},"end":{"line":81,"column":37}},"26":{"start":{"line":83,"column":20},"end":{"line":83,"column":37}},"27":{"start":{"line":90,"column":8},"end":{"line":90,"column":32}},"28":{"start":{"line":92,"column":8},"end":{"line":105,"column":9}},"29":{"start":{"line":93,"column":12},"end":{"line":102,"column":15}},"30":{"start":{"line":94,"column":16},"end":{"line":101,"column":23}},"31":{"start":{"line":95,"column":20},"end":{"line":100,"column":23}},"32":{"start":{"line":96,"column":24},"end":{"line":96,"column":110}},"33":{"start":{"line":97,"column":24},"end":{"line":97,"column":41}},"34":{"start":{"line":99,"column":24},"end":{"line":99,"column":41}},"35":{"start":{"line":104,"column":12},"end":{"line":104,"column":62}},"36":{"start":{"line":108,"column":12},"end":{"line":117,"column":15}},"37":{"start":{"line":109,"column":16},"end":{"line":116,"column":23}},"38":{"start":{"line":110,"column":20},"end":{"line":115,"column":23}},"39":{"start":{"line":111,"column":24},"end":{"line":111,"column":110}},"40":{"start":{"line":112,"column":24},"end":{"line":112,"column":41}},"41":{"start":{"line":114,"column":24},"end":{"line":114,"column":41}},"42":{"start":{"line":121,"column":8},"end":{"line":147,"column":11}},"43":{"start":{"line":122,"column":12},"end":{"line":138,"column":13}},"44":{"start":{"line":123,"column":16},"end":{"line":127,"column":18}},"45":{"start":{"line":124,"column":38},"end":{"line":124,"column":79}},"46":{"start":{"line":130,"column":16},"end":{"line":137,"column":18}},"47":{"start":{"line":133,"column":42},"end":{"line":133,"column":81}},"48":{"start":{"line":140,"column":12},"end":{"line":146,"column":14}},"49":{"start":{"line":141,"column":16},"end":{"line":145,"column":18}},"50":{"start":{"line":151,"column":8},"end":{"line":176,"column":5}},"51":{"start":{"line":152,"column":8},"end":{"line":171,"column":10}},"52":{"start":{"line":153,"column":12},"end":{"line":169,"column":18}},"53":{"start":{"line":173,"column":8},"end":{"line":175,"column":10}},"54":{"start":{"line":179,"column":8},"end":{"line":212,"column":9}},"55":{"start":{"line":180,"column":12},"end":{"line":193,"column":14}},"56":{"start":{"line":188,"column":52},"end":{"line":188,"column":101}},"57":{"start":{"line":191,"column":75},"end":{"line":191,"column":98}},"58":{"start":{"line":195,"column":13},"end":{"line":212,"column":9}},"59":{"start":{"line":196,"column":12},"end":{"line":211,"column":14}},"60":{"start":{"line":204,"column":29},"end":{"line":204,"column":60}},"61":{"start":{"line":206,"column":29},"end":{"line":206,"column":60}},"62":{"start":{"line":217,"column":8},"end":{"line":217,"column":63}},"63":{"start":{"line":218,"column":8},"end":{"line":218,"column":62}},"64":{"start":{"line":219,"column":8},"end":{"line":221,"column":15}},"65":{"start":{"line":220,"column":12},"end":{"line":220,"column":87}},"66":{"start":{"line":224,"column":8},"end":{"line":224,"column":64}},"67":{"start":{"line":225,"column":8},"end":{"line":225,"column":62}},"68":{"start":{"line":229,"column":8},"end":{"line":235,"column":9}},"69":{"start":{"line":230,"column":12},"end":{"line":230,"column":71}},"70":{"start":{"line":232,"column":12},"end":{"line":232,"column":123}},"71":{"start":{"line":233,"column":12},"end":{"line":233,"column":130}},"72":{"start":{"line":258,"column":8},"end":{"line":289,"column":10}},"73":{"start":{"line":282,"column":56},"end":{"line":282,"column":100}},"74":{"start":{"line":285,"column":83},"end":{"line":285,"column":102}},"75":{"start":{"line":293,"column":36},"end":{"line":293,"column":95}}},"fnMap":{"0":{"name":"(anonymous_0)","decl":{"start":{"line":11,"column":24},"end":{"line":11,"column":25}},"loc":{"start":{"line":11,"column":33},"end":{"line":15,"column":1}},"line":11},"1":{"name":"(anonymous_1)","decl":{"start":{"line":16,"column":27},"end":{"line":16,"column":28}},"loc":{"start":{"line":16,"column":39},"end":{"line":18,"column":1}},"line":16},"2":{"name":"(anonymous_2)","decl":{"start":{"line":17,"column":32},"end":{"line":17,"column":33}},"loc":{"start":{"line":17,"column":38},"end":{"line":17,"column":72}},"line":17},"3":{"name":"(anonymous_3)","decl":{"start":{"line":22,"column":4},"end":{"line":22,"column":5}},"loc":{"start":{"line":22,"column":17},"end":{"line":35,"column":5}},"line":22},"4":{"name":"(anonymous_4)","decl":{"start":{"line":36,"column":4},"end":{"line":36,"column":5}},"loc":{"start":{"line":36,"column":24},"end":{"line":39,"column":5}},"line":36},"5":{"name":"(anonymous_5)","decl":{"start":{"line":40,"column":4},"end":{"line":40,"column":5}},"loc":{"start":{"line":40,"column":23},"end":{"line":55,"column":5}},"line":40},"6":{"name":"(anonymous_6)","decl":{"start":{"line":41,"column":62},"end":{"line":41,"column":63}},"loc":{"start":{"line":41,"column":69},"end":{"line":43,"column":9}},"line":41},"7":{"name":"(anonymous_7)","decl":{"start":{"line":43,"column":17},"end":{"line":43,"column":18}},"loc":{"start":{"line":43,"column":24},"end":{"line":44,"column":9}},"line":43},"8":{"name":"(anonymous_8)","decl":{"start":{"line":45,"column":65},"end":{"line":45,"column":66}},"loc":{"start":{"line":45,"column":72},"end":{"line":53,"column":9}},"line":45},"9":{"name":"(anonymous_9)","decl":{"start":{"line":57,"column":4},"end":{"line":57,"column":5}},"loc":{"start":{"line":57,"column":43},"end":{"line":61,"column":5}},"line":57},"10":{"name":"(anonymous_10)","decl":{"start":{"line":63,"column":4},"end":{"line":63,"column":5}},"loc":{"start":{"line":63,"column":47},"end":{"line":68,"column":5}},"line":63},"11":{"name":"(anonymous_11)","decl":{"start":{"line":70,"column":4},"end":{"line":70,"column":5}},"loc":{"start":{"line":70,"column":18},"end":{"line":87,"column":5}},"line":70},"12":{"name":"(anonymous_12)","decl":{"start":{"line":78,"column":23},"end":{"line":78,"column":24}},"loc":{"start":{"line":78,"column":27},"end":{"line":85,"column":13}},"line":78},"13":{"name":"(anonymous_13)","decl":{"start":{"line":79,"column":70},"end":{"line":79,"column":71}},"loc":{"start":{"line":79,"column":77},"end":{"line":82,"column":17}},"line":79},"14":{"name":"(anonymous_14)","decl":{"start":{"line":82,"column":25},"end":{"line":82,"column":26}},"loc":{"start":{"line":82,"column":32},"end":{"line":84,"column":17}},"line":82},"15":{"name":"(anonymous_15)","decl":{"start":{"line":89,"column":4},"end":{"line":89,"column":5}},"loc":{"start":{"line":89,"column":28},"end":{"line":106,"column":5}},"line":89},"16":{"name":"(anonymous_16)","decl":{"start":{"line":93,"column":39},"end":{"line":93,"column":40}},"loc":{"start":{"line":93,"column":43},"end":{"line":102,"column":13}},"line":93},"17":{"name":"(anonymous_17)","decl":{"start":{"line":94,"column":27},"end":{"line":94,"column":28}},"loc":{"start":{"line":94,"column":31},"end":{"line":101,"column":17}},"line":94},"18":{"name":"(anonymous_18)","decl":{"start":{"line":95,"column":74},"end":{"line":95,"column":75}},"loc":{"start":{"line":95,"column":81},"end":{"line":98,"column":21}},"line":95},"19":{"name":"(anonymous_19)","decl":{"start":{"line":98,"column":29},"end":{"line":98,"column":30}},"loc":{"start":{"line":98,"column":36},"end":{"line":100,"column":21}},"line":98},"20":{"name":"(anonymous_20)","decl":{"start":{"line":107,"column":4},"end":{"line":107,"column":5}},"loc":{"start":{"line":107,"column":26},"end":{"line":118,"column":5}},"line":107},"21":{"name":"(anonymous_21)","decl":{"start":{"line":108,"column":41},"end":{"line":108,"column":42}},"loc":{"start":{"line":108,"column":45},"end":{"line":117,"column":13}},"line":108},"22":{"name":"(anonymous_22)","decl":{"start":{"line":109,"column":27},"end":{"line":109,"column":28}},"loc":{"start":{"line":109,"column":31},"end":{"line":116,"column":17}},"line":109},"23":{"name":"(anonymous_23)","decl":{"start":{"line":110,"column":74},"end":{"line":110,"column":75}},"loc":{"start":{"line":110,"column":81},"end":{"line":113,"column":21}},"line":110},"24":{"name":"(anonymous_24)","decl":{"start":{"line":113,"column":29},"end":{"line":113,"column":30}},"loc":{"start":{"line":113,"column":36},"end":{"line":115,"column":21}},"line":113},"25":{"name":"(anonymous_25)","decl":{"start":{"line":120,"column":4},"end":{"line":120,"column":5}},"loc":{"start":{"line":120,"column":35},"end":{"line":148,"column":5}},"line":120},"26":{"name":"(anonymous_26)","decl":{"start":{"line":124,"column":34},"end":{"line":124,"column":35}},"loc":{"start":{"line":124,"column":38},"end":{"line":124,"column":79}},"line":124},"27":{"name":"(anonymous_27)","decl":{"start":{"line":133,"column":38},"end":{"line":133,"column":39}},"loc":{"start":{"line":133,"column":42},"end":{"line":133,"column":81}},"line":133},"28":{"name":"(anonymous_28)","decl":{"start":{"line":150,"column":4},"end":{"line":150,"column":5}},"loc":{"start":{"line":150,"column":26},"end":{"line":176,"column":6}},"line":150},"29":{"name":"(anonymous_29)","decl":{"start":{"line":152,"column":45},"end":{"line":152,"column":46}},"loc":{"start":{"line":152,"column":66},"end":{"line":170,"column":13}},"line":152},"30":{"name":"(anonymous_30)","decl":{"start":{"line":178,"column":4},"end":{"line":178,"column":5}},"loc":{"start":{"line":178,"column":23},"end":{"line":214,"column":5}},"line":178},"31":{"name":"(anonymous_31)","decl":{"start":{"line":188,"column":26},"end":{"line":188,"column":27}},"loc":{"start":{"line":188,"column":52},"end":{"line":188,"column":101}},"line":188},"32":{"name":"(anonymous_32)","decl":{"start":{"line":191,"column":71},"end":{"line":191,"column":72}},"loc":{"start":{"line":191,"column":75},"end":{"line":191,"column":98}},"line":191},"33":{"name":"(anonymous_33)","decl":{"start":{"line":204,"column":25},"end":{"line":204,"column":26}},"loc":{"start":{"line":204,"column":29},"end":{"line":204,"column":60}},"line":204},"34":{"name":"(anonymous_34)","decl":{"start":{"line":206,"column":25},"end":{"line":206,"column":26}},"loc":{"start":{"line":206,"column":29},"end":{"line":206,"column":60}},"line":206},"35":{"name":"(anonymous_35)","decl":{"start":{"line":216,"column":4},"end":{"line":216,"column":5}},"loc":{"start":{"line":216,"column":30},"end":{"line":222,"column":5}},"line":216},"36":{"name":"(anonymous_36)","decl":{"start":{"line":219,"column":19},"end":{"line":219,"column":20}},"loc":{"start":{"line":219,"column":23},"end":{"line":221,"column":9}},"line":219},"37":{"name":"(anonymous_37)","decl":{"start":{"line":223,"column":4},"end":{"line":223,"column":5}},"loc":{"start":{"line":223,"column":30},"end":{"line":226,"column":5}},"line":223},"38":{"name":"(anonymous_38)","decl":{"start":{"line":228,"column":4},"end":{"line":228,"column":5}},"loc":{"start":{"line":228,"column":22},"end":{"line":236,"column":5}},"line":228},"39":{"name":"(anonymous_39)","decl":{"start":{"line":257,"column":4},"end":{"line":257,"column":5}},"loc":{"start":{"line":257,"column":13},"end":{"line":290,"column":5}},"line":257},"40":{"name":"(anonymous_40)","decl":{"start":{"line":282,"column":30},"end":{"line":282,"column":31}},"loc":{"start":{"line":282,"column":56},"end":{"line":282,"column":100}},"line":282},"41":{"name":"(anonymous_41)","decl":{"start":{"line":285,"column":79},"end":{"line":285,"column":80}},"loc":{"start":{"line":285,"column":83},"end":{"line":285,"column":102}},"line":285}},"branchMap":{"0":{"loc":{"start":{"line":71,"column":8},"end":{"line":86,"column":9}},"type":"if","locations":[{"start":{"line":71,"column":8},"end":{"line":86,"column":9}},{"start":{"line":71,"column":8},"end":{"line":86,"column":9}}],"line":71},"1":{"loc":{"start":{"line":74,"column":14},"end":{"line":86,"column":9}},"type":"if","locations":[{"start":{"line":74,"column":14},"end":{"line":86,"column":9}},{"start":{"line":74,"column":14},"end":{"line":86,"column":9}}],"line":74},"2":{"loc":{"start":{"line":92,"column":8},"end":{"line":105,"column":9}},"type":"if","locations":[{"start":{"line":92,"column":8},"end":{"line":105,"column":9}},{"start":{"line":92,"column":8},"end":{"line":105,"column":9}}],"line":92},"3":{"loc":{"start":{"line":121,"column":8},"end":{"line":147,"column":11}},"type":"if","locations":[{"start":{"line":121,"column":8},"end":{"line":147,"column":11}},{"start":{"line":121,"column":8},"end":{"line":147,"column":11}}],"line":121},"4":{"loc":{"start":{"line":121,"column":11},"end":{"line":121,"column":113}},"type":"binary-expr","locations":[{"start":{"line":121,"column":11},"end":{"line":121,"column":32}},{"start":{"line":121,"column":36},"end":{"line":121,"column":113}}],"line":121},"5":{"loc":{"start":{"line":122,"column":12},"end":{"line":138,"column":13}},"type":"if","locations":[{"start":{"line":122,"column":12},"end":{"line":138,"column":13}},{"start":{"line":122,"column":12},"end":{"line":138,"column":13}}],"line":122},"6":{"loc":{"start":{"line":140,"column":12},"end":{"line":146,"column":14}},"type":"if","locations":[{"start":{"line":140,"column":12},"end":{"line":146,"column":14}},{"start":{"line":140,"column":12},"end":{"line":146,"column":14}}],"line":140},"7":{"loc":{"start":{"line":151,"column":8},"end":{"line":176,"column":5}},"type":"if","locations":[{"start":{"line":151,"column":8},"end":{"line":176,"column":5}},{"start":{"line":151,"column":8},"end":{"line":176,"column":5}}],"line":151},"8":{"loc":{"start":{"line":179,"column":8},"end":{"line":212,"column":9}},"type":"if","locations":[{"start":{"line":179,"column":8},"end":{"line":212,"column":9}},{"start":{"line":179,"column":8},"end":{"line":212,"column":9}}],"line":179},"9":{"loc":{"start":{"line":179,"column":11},"end":{"line":179,"column":153}},"type":"binary-expr","locations":[{"start":{"line":179,"column":11},"end":{"line":179,"column":36}},{"start":{"line":179,"column":40},"end":{"line":179,"column":69}},{"start":{"line":179,"column":73},"end":{"line":179,"column":153}}],"line":179},"10":{"loc":{"start":{"line":195,"column":13},"end":{"line":212,"column":9}},"type":"if","locations":[{"start":{"line":195,"column":13},"end":{"line":212,"column":9}},{"start":{"line":195,"column":13},"end":{"line":212,"column":9}}],"line":195},"11":{"loc":{"start":{"line":201,"column":13},"end":{"line":207,"column":22}},"type":"binary-expr","locations":[{"start":{"line":201,"column":13},"end":{"line":201,"column":90}},{"start":{"line":202,"column":16},"end":{"line":207,"column":22}}],"line":201},"12":{"loc":{"start":{"line":229,"column":8},"end":{"line":235,"column":9}},"type":"if","locations":[{"start":{"line":229,"column":8},"end":{"line":235,"column":9}},{"start":{"line":229,"column":8},"end":{"line":235,"column":9}}],"line":229}},"s":{"0":9,"1":0,"2":9,"3":0,"4":0,"5":1,"6":1,"7":1,"8":1,"9":1,"10":0,"11":1,"12":0,"13":0,"14":0,"15":0,"16":0,"17":0,"18":0,"19":0,"20":0,"21":0,"22":0,"23":0,"24":0,"25":0,"26":0,"27":0,"28":0,"29":0,"30":0,"31":0,"32":0,"33":0,"34":0,"35":0,"36":0,"37":0,"38":0,"39":0,"40":0,"41":0,"42":0,"43":0,"44":0,"45":0,"46":0,"47":0,"48":0,"49":0,"50":1,"51":0,"52":0,"53":1,"54":1,"55":0,"56":0,"57":0,"58":1,"59":0,"60":0,"61":0,"62":0,"63":0,"64":0,"65":0,"66":0,"67":0,"68":0,"69":0,"70":0,"71":0,"72":1,"73":0,"74":0,"75":9},"f":{"0":0,"1":0,"2":0,"3":1,"4":1,"5":1,"6":0,"7":1,"8":0,"9":0,"10":0,"11":0,"12":0,"13":0,"14":0,"15":0,"16":0,"17":0,"18":0,"19":0,"20":0,"21":0,"22":0,"23":0,"24":0,"25":0,"26":0,"27":0,"28":1,"29":0,"30":1,"31":0,"32":0,"33":0,"34":0,"35":0,"36":0,"37":0,"38":0,"39":1,"40":0,"41":0},"b":{"0":[0,0],"1":[0,0],"2":[0,0],"3":[0,0],"4":[0,0],"5":[0,0],"6":[0,0],"7":[0,1],"8":[0,1],"9":[1,1,1],"10":[0,1],"11":[0,0],"12":[0,0]},"_coverageSchema":"332fd63041d2c1bcb487cc26dd0d5f7d97098a6c","hash":"05818167b9803fb557e53474033103f8c93a721c"}
,"/Users/frodinm/Desktop/SOEN341-SC4/resources/assets/js/src/screens/Questions/screens/AskQuestion.screen.js": {"path":"/Users/frodinm/Desktop/SOEN341-SC4/resources/assets/js/src/screens/Questions/screens/AskQuestion.screen.js","statementMap":{"0":{"start":{"line":11,"column":24},"end":{"line":14,"column":2}},"1":{"start":{"line":11,"column":33},"end":{"line":14,"column":1}},"2":{"start":{"line":15,"column":27},"end":{"line":17,"column":2}},"3":{"start":{"line":15,"column":39},"end":{"line":17,"column":1}},"4":{"start":{"line":21,"column":8},"end":{"line":21,"column":16}},"5":{"start":{"line":22,"column":8},"end":{"line":26,"column":10}},"6":{"start":{"line":31,"column":8},"end":{"line":33,"column":9}},"7":{"start":{"line":32,"column":12},"end":{"line":32,"column":46}},"8":{"start":{"line":37,"column":8},"end":{"line":39,"column":11}},"9":{"start":{"line":40,"column":8},"end":{"line":40,"column":41}},"10":{"start":{"line":44,"column":8},"end":{"line":57,"column":11}},"11":{"start":{"line":53,"column":12},"end":{"line":53,"column":29}},"12":{"start":{"line":54,"column":12},"end":{"line":54,"column":41}},"13":{"start":{"line":56,"column":12},"end":{"line":56,"column":29}},"14":{"start":{"line":82,"column":8},"end":{"line":106,"column":10}},"15":{"start":{"line":91,"column":108},"end":{"line":91,"column":145}},"16":{"start":{"line":99,"column":56},"end":{"line":99,"column":100}},"17":{"start":{"line":102,"column":83},"end":{"line":102,"column":102}},"18":{"start":{"line":110,"column":33},"end":{"line":110,"column":101}}},"fnMap":{"0":{"name":"(anonymous_0)","decl":{"start":{"line":11,"column":24},"end":{"line":11,"column":25}},"loc":{"start":{"line":11,"column":33},"end":{"line":14,"column":1}},"line":11},"1":{"name":"(anonymous_1)","decl":{"start":{"line":15,"column":27},"end":{"line":15,"column":28}},"loc":{"start":{"line":15,"column":39},"end":{"line":17,"column":1}},"line":15},"2":{"name":"(anonymous_2)","decl":{"start":{"line":20,"column":4},"end":{"line":20,"column":5}},"loc":{"start":{"line":20,"column":17},"end":{"line":28,"column":5}},"line":20},"3":{"name":"(anonymous_3)","decl":{"start":{"line":30,"column":4},"end":{"line":30,"column":5}},"loc":{"start":{"line":30,"column":24},"end":{"line":34,"column":5}},"line":30},"4":{"name":"(anonymous_4)","decl":{"start":{"line":36,"column":4},"end":{"line":36,"column":5}},"loc":{"start":{"line":36,"column":43},"end":{"line":41,"column":5}},"line":36},"5":{"name":"(anonymous_5)","decl":{"start":{"line":43,"column":4},"end":{"line":43,"column":5}},"loc":{"start":{"line":43,"column":18},"end":{"line":58,"column":5}},"line":43},"6":{"name":"(anonymous_6)","decl":{"start":{"line":52,"column":16},"end":{"line":52,"column":17}},"loc":{"start":{"line":52,"column":23},"end":{"line":55,"column":9}},"line":52},"7":{"name":"(anonymous_7)","decl":{"start":{"line":55,"column":17},"end":{"line":55,"column":18}},"loc":{"start":{"line":55,"column":24},"end":{"line":57,"column":9}},"line":55},"8":{"name":"(anonymous_8)","decl":{"start":{"line":81,"column":4},"end":{"line":81,"column":5}},"loc":{"start":{"line":81,"column":13},"end":{"line":107,"column":5}},"line":81},"9":{"name":"(anonymous_9)","decl":{"start":{"line":91,"column":103},"end":{"line":91,"column":104}},"loc":{"start":{"line":91,"column":108},"end":{"line":91,"column":145}},"line":91},"10":{"name":"(anonymous_10)","decl":{"start":{"line":99,"column":30},"end":{"line":99,"column":31}},"loc":{"start":{"line":99,"column":56},"end":{"line":99,"column":100}},"line":99},"11":{"name":"(anonymous_11)","decl":{"start":{"line":102,"column":79},"end":{"line":102,"column":80}},"loc":{"start":{"line":102,"column":83},"end":{"line":102,"column":102}},"line":102}},"branchMap":{"0":{"loc":{"start":{"line":31,"column":8},"end":{"line":33,"column":9}},"type":"if","locations":[{"start":{"line":31,"column":8},"end":{"line":33,"column":9}},{"start":{"line":31,"column":8},"end":{"line":33,"column":9}}],"line":31}},"s":{"0":9,"1":0,"2":9,"3":0,"4":1,"5":1,"6":1,"7":1,"8":0,"9":0,"10":0,"11":0,"12":0,"13":0,"14":1,"15":0,"16":0,"17":0,"18":9},"f":{"0":0,"1":0,"2":1,"3":1,"4":0,"5":0,"6":0,"7":0,"8":1,"9":0,"10":0,"11":0},"b":{"0":[1,0]},"_coverageSchema":"332fd63041d2c1bcb487cc26dd0d5f7d97098a6c","hash":"528d52a6ca91b679352efbb2618a85e966f0afe7"}
,"/Users/frodinm/Desktop/SOEN341-SC4/resources/assets/js/src/screens/Questions/screens/index.js": {"path":"/Users/frodinm/Desktop/SOEN341-SC4/resources/assets/js/src/screens/Questions/screens/index.js","statementMap":{},"fnMap":{},"branchMap":{},"s":{},"f":{},"b":{},"_coverageSchema":"332fd63041d2c1bcb487cc26dd0d5f7d97098a6c","hash":"f219a8fcb814d2318042744149c58e7e82231bdb"}
,"/Users/frodinm/Desktop/SOEN341-SC4/resources/assets/js/src/screens/auth/auth.actions.js": {"path":"/Users/frodinm/Desktop/SOEN341-SC4/resources/assets/js/src/screens/auth/auth.actions.js","statementMap":{"0":{"start":{"line":5,"column":36},"end":{"line":20,"column":1}},"1":{"start":{"line":6,"column":4},"end":{"line":19,"column":6}},"2":{"start":{"line":7,"column":8},"end":{"line":7,"column":47}},"3":{"start":{"line":8,"column":8},"end":{"line":18,"column":11}},"4":{"start":{"line":9,"column":12},"end":{"line":9,"column":56}},"5":{"start":{"line":10,"column":12},"end":{"line":10,"column":61}},"6":{"start":{"line":11,"column":12},"end":{"line":15,"column":15}},"7":{"start":{"line":12,"column":16},"end":{"line":12,"column":85}},"8":{"start":{"line":14,"column":16},"end":{"line":14,"column":72}},"9":{"start":{"line":17,"column":12},"end":{"line":17,"column":52}},"10":{"start":{"line":22,"column":29},"end":{"line":31,"column":1}},"11":{"start":{"line":23,"column":4},"end":{"line":30,"column":6}},"12":{"start":{"line":24,"column":8},"end":{"line":24,"column":43}},"13":{"start":{"line":25,"column":8},"end":{"line":29,"column":11}},"14":{"start":{"line":26,"column":12},"end":{"line":26,"column":52}},"15":{"start":{"line":28,"column":12},"end":{"line":28,"column":48}}},"fnMap":{"0":{"name":"(anonymous_0)","decl":{"start":{"line":5,"column":36},"end":{"line":5,"column":37}},"loc":{"start":{"line":5,"column":41},"end":{"line":20,"column":1}},"line":5},"1":{"name":"(anonymous_1)","decl":{"start":{"line":6,"column":11},"end":{"line":6,"column":12}},"loc":{"start":{"line":6,"column":23},"end":{"line":19,"column":5}},"line":6},"2":{"name":"(anonymous_2)","decl":{"start":{"line":8,"column":32},"end":{"line":8,"column":33}},"loc":{"start":{"line":8,"column":39},"end":{"line":16,"column":9}},"line":8},"3":{"name":"(anonymous_3)","decl":{"start":{"line":11,"column":41},"end":{"line":11,"column":42}},"loc":{"start":{"line":11,"column":48},"end":{"line":13,"column":13}},"line":11},"4":{"name":"(anonymous_4)","decl":{"start":{"line":13,"column":21},"end":{"line":13,"column":22}},"loc":{"start":{"line":13,"column":28},"end":{"line":15,"column":13}},"line":13},"5":{"name":"(anonymous_5)","decl":{"start":{"line":16,"column":17},"end":{"line":16,"column":18}},"loc":{"start":{"line":16,"column":24},"end":{"line":18,"column":9}},"line":16},"6":{"name":"(anonymous_6)","decl":{"start":{"line":22,"column":29},"end":{"line":22,"column":30}},"loc":{"start":{"line":22,"column":34},"end":{"line":31,"column":1}},"line":22},"7":{"name":"(anonymous_7)","decl":{"start":{"line":23,"column":11},"end":{"line":23,"column":12}},"loc":{"start":{"line":23,"column":23},"end":{"line":30,"column":5}},"line":23},"8":{"name":"(anonymous_8)","decl":{"start":{"line":25,"column":27},"end":{"line":25,"column":28}},"loc":{"start":{"line":25,"column":34},"end":{"line":27,"column":9}},"line":25},"9":{"name":"(anonymous_9)","decl":{"start":{"line":27,"column":17},"end":{"line":27,"column":18}},"loc":{"start":{"line":27,"column":24},"end":{"line":29,"column":9}},"line":27}},"branchMap":{},"s":{"0":9,"1":0,"2":0,"3":0,"4":0,"5":0,"6":0,"7":0,"8":0,"9":0,"10":9,"11":0,"12":0,"13":0,"14":0,"15":0},"f":{"0":0,"1":0,"2":0,"3":0,"4":0,"5":0,"6":0,"7":0,"8":0,"9":0},"b":{},"_coverageSchema":"332fd63041d2c1bcb487cc26dd0d5f7d97098a6c","hash":"beda337634b5be02da9d97c082633fbed870f833"}
,"/Users/frodinm/Desktop/SOEN341-SC4/resources/assets/js/src/screens/auth/auth.reducer.js": {"path":"/Users/frodinm/Desktop/SOEN341-SC4/resources/assets/js/src/screens/auth/auth.reducer.js","statementMap":{"0":{"start":{"line":7,"column":21},"end":{"line":17,"column":1}},"1":{"start":{"line":19,"column":27},"end":{"line":72,"column":1}},"2":{"start":{"line":20,"column":4},"end":{"line":71,"column":5}},"3":{"start":{"line":22,"column":8},"end":{"line":26,"column":10}},"4":{"start":{"line":28,"column":8},"end":{"line":32,"column":10}},"5":{"start":{"line":34,"column":8},"end":{"line":38,"column":10}},"6":{"start":{"line":40,"column":8},"end":{"line":43,"column":10}},"7":{"start":{"line":45,"column":8},"end":{"line":48,"column":10}},"8":{"start":{"line":50,"column":8},"end":{"line":53,"column":10}},"9":{"start":{"line":55,"column":8},"end":{"line":58,"column":10}},"10":{"start":{"line":60,"column":8},"end":{"line":64,"column":10}},"11":{"start":{"line":66,"column":8},"end":{"line":68,"column":10}},"12":{"start":{"line":70,"column":8},"end":{"line":70,"column":21}}},"fnMap":{"0":{"name":"(anonymous_0)","decl":{"start":{"line":19,"column":27},"end":{"line":19,"column":28}},"loc":{"start":{"line":19,"column":60},"end":{"line":72,"column":1}},"line":19}},"branchMap":{"0":{"loc":{"start":{"line":19,"column":28},"end":{"line":19,"column":48}},"type":"default-arg","locations":[{"start":{"line":19,"column":36},"end":{"line":19,"column":48}}],"line":19},"1":{"loc":{"start":{"line":20,"column":4},"end":{"line":71,"column":5}},"type":"switch","locations":[{"start":{"line":21,"column":8},"end":{"line":26,"column":10}},{"start":{"line":27,"column":8},"end":{"line":32,"column":10}},{"start":{"line":33,"column":8},"end":{"line":38,"column":10}},{"start":{"line":39,"column":8},"end":{"line":43,"column":10}},{"start":{"line":44,"column":8},"end":{"line":48,"column":10}},{"start":{"line":49,"column":8},"end":{"line":53,"column":10}},{"start":{"line":54,"column":8},"end":{"line":58,"column":10}},{"start":{"line":59,"column":8},"end":{"line":64,"column":10}},{"start":{"line":65,"column":8},"end":{"line":68,"column":10}},{"start":{"line":69,"column":8},"end":{"line":70,"column":21}}],"line":20}},"s":{"0":9,"1":9,"2":0,"3":0,"4":0,"5":0,"6":0,"7":0,"8":0,"9":0,"10":0,"11":0,"12":0},"f":{"0":0},"b":{"0":[0],"1":[0,0,0,0,0,0,0,0,0,0]},"_coverageSchema":"332fd63041d2c1bcb487cc26dd0d5f7d97098a6c","hash":"cc99bb2f36dc9b9b9429f0323e635119341c7031"}
,"/Users/frodinm/Desktop/SOEN341-SC4/resources/assets/js/src/screens/auth/auth.type.js": {"path":"/Users/frodinm/Desktop/SOEN341-SC4/resources/assets/js/src/screens/auth/auth.type.js","statementMap":{"0":{"start":{"line":3,"column":28},"end":{"line":3,"column":56}},"1":{"start":{"line":4,"column":24},"end":{"line":4,"column":48}},"2":{"start":{"line":5,"column":38},"end":{"line":5,"column":76}}},"fnMap":{},"branchMap":{},"s":{"0":9,"1":9,"2":9},"f":{},"b":{},"_coverageSchema":"332fd63041d2c1bcb487cc26dd0d5f7d97098a6c","hash":"500439eb32d3b04207317b1cd59c3133aaccbebd"}
,"/Users/frodinm/Desktop/SOEN341-SC4/resources/assets/js/src/screens/auth/index.js": {"path":"/Users/frodinm/Desktop/SOEN341-SC4/resources/assets/js/src/screens/auth/index.js","statementMap":{},"fnMap":{},"branchMap":{},"s":{},"f":{},"b":{},"_coverageSchema":"332fd63041d2c1bcb487cc26dd0d5f7d97098a6c","hash":"e0795e4829d0f378e8da3b9b8b46a8f53a518481"}
,"/Users/frodinm/Desktop/SOEN341-SC4/resources/assets/js/src/screens/auth/screens/index.js": {"path":"/Users/frodinm/Desktop/SOEN341-SC4/resources/assets/js/src/screens/auth/screens/index.js","statementMap":{},"fnMap":{},"branchMap":{},"s":{},"f":{},"b":{},"_coverageSchema":"332fd63041d2c1bcb487cc26dd0d5f7d97098a6c","hash":"f154bad701981ae3014fb3b2fedc1213244ae8d3"}
,"/Users/frodinm/Desktop/SOEN341-SC4/resources/assets/js/src/screens/auth/screens/loginScreen.js": {"path":"/Users/frodinm/Desktop/SOEN341-SC4/resources/assets/js/src/screens/auth/screens/loginScreen.js","statementMap":{"0":{"start":{"line":8,"column":24},"end":{"line":10,"column":2}},"1":{"start":{"line":8,"column":33},"end":{"line":10,"column":1}},"2":{"start":{"line":11,"column":27},"end":{"line":13,"column":2}},"3":{"start":{"line":11,"column":39},"end":{"line":13,"column":1}},"4":{"start":{"line":12,"column":41},"end":{"line":12,"column":73}},"5":{"start":{"line":18,"column":8},"end":{"line":18,"column":16}},"6":{"start":{"line":19,"column":8},"end":{"line":22,"column":10}},"7":{"start":{"line":26,"column":8},"end":{"line":26,"column":27}},"8":{"start":{"line":27,"column":8},"end":{"line":40,"column":11}},"9":{"start":{"line":35,"column":12},"end":{"line":35,"column":29}},"10":{"start":{"line":36,"column":12},"end":{"line":36,"column":54}},"11":{"start":{"line":37,"column":12},"end":{"line":37,"column":41}},"12":{"start":{"line":39,"column":12},"end":{"line":39,"column":29}},"13":{"start":{"line":44,"column":8},"end":{"line":106,"column":10}},"14":{"start":{"line":53,"column":81},"end":{"line":53,"column":100}},"15":{"start":{"line":59,"column":67},"end":{"line":59,"column":105}},"16":{"start":{"line":70,"column":67},"end":{"line":70,"column":108}},"17":{"start":{"line":110,"column":27},"end":{"line":110,"column":89}}},"fnMap":{"0":{"name":"(anonymous_0)","decl":{"start":{"line":8,"column":24},"end":{"line":8,"column":25}},"loc":{"start":{"line":8,"column":33},"end":{"line":10,"column":1}},"line":8},"1":{"name":"(anonymous_1)","decl":{"start":{"line":11,"column":27},"end":{"line":11,"column":28}},"loc":{"start":{"line":11,"column":39},"end":{"line":13,"column":1}},"line":11},"2":{"name":"(anonymous_2)","decl":{"start":{"line":12,"column":35},"end":{"line":12,"column":36}},"loc":{"start":{"line":12,"column":41},"end":{"line":12,"column":73}},"line":12},"3":{"name":"(anonymous_3)","decl":{"start":{"line":17,"column":4},"end":{"line":17,"column":5}},"loc":{"start":{"line":17,"column":17},"end":{"line":23,"column":5}},"line":17},"4":{"name":"(anonymous_4)","decl":{"start":{"line":25,"column":4},"end":{"line":25,"column":5}},"loc":{"start":{"line":25,"column":18},"end":{"line":41,"column":5}},"line":25},"5":{"name":"(anonymous_5)","decl":{"start":{"line":34,"column":16},"end":{"line":34,"column":17}},"loc":{"start":{"line":34,"column":23},"end":{"line":38,"column":9}},"line":34},"6":{"name":"(anonymous_6)","decl":{"start":{"line":38,"column":17},"end":{"line":38,"column":18}},"loc":{"start":{"line":38,"column":24},"end":{"line":40,"column":9}},"line":38},"7":{"name":"(anonymous_7)","decl":{"start":{"line":43,"column":4},"end":{"line":43,"column":5}},"loc":{"start":{"line":43,"column":13},"end":{"line":107,"column":5}},"line":43},"8":{"name":"(anonymous_8)","decl":{"start":{"line":53,"column":76},"end":{"line":53,"column":77}},"loc":{"start":{"line":53,"column":81},"end":{"line":53,"column":100}},"line":53},"9":{"name":"(anonymous_9)","decl":{"start":{"line":59,"column":61},"end":{"line":59,"column":62}},"loc":{"start":{"line":59,"column":66},"end":{"line":59,"column":106}},"line":59},"10":{"name":"(anonymous_10)","decl":{"start":{"line":70,"column":61},"end":{"line":70,"column":62}},"loc":{"start":{"line":70,"column":66},"end":{"line":70,"column":109}},"line":70}},"branchMap":{},"s":{"0":9,"1":0,"2":9,"3":0,"4":0,"5":1,"6":1,"7":0,"8":0,"9":0,"10":0,"11":0,"12":0,"13":1,"14":0,"15":0,"16":0,"17":9},"f":{"0":0,"1":0,"2":0,"3":1,"4":0,"5":0,"6":0,"7":1,"8":0,"9":0,"10":0},"b":{},"_coverageSchema":"332fd63041d2c1bcb487cc26dd0d5f7d97098a6c","hash":"3f4a53dbce7c9cae4669c6e618a526fddf7911ba"}
,"/Users/frodinm/Desktop/SOEN341-SC4/resources/assets/js/src/screens/auth/screens/registerScreen.js": {"path":"/Users/frodinm/Desktop/SOEN341-SC4/resources/assets/js/src/screens/auth/screens/registerScreen.js","statementMap":{"0":{"start":{"line":7,"column":8},"end":{"line":7,"column":16}},"1":{"start":{"line":8,"column":8},"end":{"line":17,"column":10}},"2":{"start":{"line":21,"column":8},"end":{"line":90,"column":10}}},"fnMap":{"0":{"name":"(anonymous_0)","decl":{"start":{"line":6,"column":4},"end":{"line":6,"column":5}},"loc":{"start":{"line":6,"column":17},"end":{"line":18,"column":5}},"line":6},"1":{"name":"(anonymous_1)","decl":{"start":{"line":20,"column":4},"end":{"line":20,"column":5}},"loc":{"start":{"line":20,"column":13},"end":{"line":91,"column":5}},"line":20}},"branchMap":{},"s":{"0":1,"1":1,"2":1},"f":{"0":1,"1":1},"b":{},"_coverageSchema":"332fd63041d2c1bcb487cc26dd0d5f7d97098a6c","hash":"3c2926507745fdbd836293f2992181c0be9d0f96"}
,"/Users/frodinm/Desktop/SOEN341-SC4/resources/assets/js/src/util/actionHelper.js": {"path":"/Users/frodinm/Desktop/SOEN341-SC4/resources/assets/js/src/util/actionHelper.js","statementMap":{"0":{"start":{"line":1,"column":28},"end":{"line":7,"column":1}},"1":{"start":{"line":2,"column":4},"end":{"line":6,"column":7}}},"fnMap":{"0":{"name":"(anonymous_0)","decl":{"start":{"line":1,"column":28},"end":{"line":1,"column":29}},"loc":{"start":{"line":1,"column":38},"end":{"line":7,"column":1}},"line":1}},"branchMap":{},"s":{"0":9,"1":36},"f":{"0":36},"b":{},"_coverageSchema":"332fd63041d2c1bcb487cc26dd0d5f7d97098a6c","hash":"908fe720d7d18ab95e4d9869ea1a266bd9eb304c"}
,"/Users/frodinm/Desktop/SOEN341-SC4/resources/assets/js/src/util/index.js": {"path":"/Users/frodinm/Desktop/SOEN341-SC4/resources/assets/js/src/util/index.js","statementMap":{},"fnMap":{},"branchMap":{},"s":{},"f":{},"b":{},"_coverageSchema":"332fd63041d2c1bcb487cc26dd0d5f7d97098a6c","hash":"ad58e8a50171d7a75908cf3428c3b2414333b1c2"}
,"/Users/frodinm/Desktop/SOEN341-SC4/resources/assets/test/setupTests.js": {"path":"/Users/frodinm/Desktop/SOEN341-SC4/resources/assets/test/setupTests.js","statementMap":{"0":{"start":{"line":4,"column":0},"end":{"line":4,"column":38}}},"fnMap":{},"branchMap":{},"s":{"0":11},"f":{},"b":{},"_coverageSchema":"332fd63041d2c1bcb487cc26dd0d5f7d97098a6c","hash":"eb10d6990b543fbdf2a1ed79774da5d6cca39430"}
}
