TN:
SF:/Users/frodinm/Desktop/SOEN341-SC4/__mock__/styleMock.js
FNF:0
FNH:0
DA:1,9
LF:1
LH:1
BRF:0
BRH:0
end_of_record
TN:
SF:/Users/frodinm/Desktop/SOEN341-SC4/resources/assets/js/src/app.js
FN:11,(anonymous_0)
FN:15,(anonymous_1)
FN:16,(anonymous_2)
FN:21,(anonymous_3)
FN:43,(anonymous_4)
FN:48,(anonymous_5)
FN:61,(anonymous_6)
FN:65,(anonymous_7)
FN:66,(anonymous_8)
FN:69,(anonymous_9)
FN:74,(anonymous_10)
FN:77,(anonymous_11)
FN:88,(anonymous_12)
FN:96,(anonymous_13)
FNF:14
FNH:5
FNDA:0,(anonymous_0)
FNDA:0,(anonymous_1)
FNDA:0,(anonymous_2)
FNDA:1,(anonymous_3)
FNDA:1,(anonymous_4)
FNDA:0,(anonymous_5)
FNDA:0,(anonymous_6)
FNDA:1,(anonymous_7)
FNDA:0,(anonymous_8)
FNDA:1,(anonymous_9)
FNDA:0,(anonymous_10)
FNDA:0,(anonymous_11)
FNDA:1,(anonymous_12)
FNDA:0,(anonymous_13)
DA:11,1
DA:15,1
DA:16,0
DA:22,1
DA:23,1
DA:44,1
DA:45,0
DA:48,0
DA:52,1
DA:62,0
DA:66,1
DA:67,0
DA:68,0
DA:75,0
DA:77,0
DA:79,0
DA:80,0
DA:83,0
DA:89,1
DA:96,0
DA:118,1
LF:21
LH:9
BRDA:44,0,0,0
BRDA:44,0,1,1
BRDA:79,1,0,0
BRDA:79,1,1,0
BRF:4
BRH:1
end_of_record
TN:
SF:/Users/frodinm/Desktop/SOEN341-SC4/resources/assets/js/src/api/api.js
FN:3,(anonymous_0)
FN:10,(anonymous_1)
FN:14,(anonymous_2)
FN:20,(anonymous_3)
FN:31,(anonymous_4)
FN:35,(anonymous_5)
FN:44,(anonymous_6)
FN:56,(anonymous_7)
FN:67,(anonymous_8)
FN:78,(anonymous_9)
FN:87,(anonymous_10)
FN:97,(anonymous_11)
FN:108,(anonymous_12)
FN:117,(anonymous_13)
FN:128,(anonymous_14)
FN:137,(anonymous_15)
FN:147,(anonymous_16)
FNF:17
FNH:3
FNDA:0,(anonymous_0)
FNDA:0,(anonymous_1)
FNDA:0,(anonymous_2)
FNDA:0,(anonymous_3)
FNDA:1,(anonymous_4)
FNDA:0,(anonymous_5)
FNDA:0,(anonymous_6)
FNDA:0,(anonymous_7)
FNDA:0,(anonymous_8)
FNDA:1,(anonymous_9)
FNDA:1,(anonymous_10)
FNDA:0,(anonymous_11)
FNDA:0,(anonymous_12)
FNDA:0,(anonymous_13)
FNDA:0,(anonymous_14)
FNDA:0,(anonymous_15)
FNDA:0,(anonymous_16)
DA:3,9
DA:4,0
DA:10,9
DA:11,0
DA:14,9
DA:15,0
DA:20,9
DA:21,0
DA:31,9
DA:32,1
DA:35,9
DA:36,0
DA:44,9
DA:45,0
DA:56,9
DA:57,0
DA:67,9
DA:68,0
DA:78,9
DA:79,1
DA:87,9
DA:88,1
DA:97,9
DA:98,0
DA:108,9
DA:109,0
DA:117,9
DA:118,0
DA:128,9
DA:129,0
DA:137,9
DA:138,0
DA:147,9
DA:148,0
LF:34
LH:20
BRF:0
BRH:0
end_of_record
TN:
SF:/Users/frodinm/Desktop/SOEN341-SC4/resources/assets/js/src/api/index.js
FNF:0
FNH:0
LF:0
LH:0
BRF:0
BRH:0
end_of_record
TN:
SF:/Users/frodinm/Desktop/SOEN341-SC4/resources/assets/js/src/components/AnswerVoting.component.js
FN:11,(anonymous_0)
FN:19,(anonymous_1)
FN:20,(anonymous_2)
FN:21,(anonymous_3)
FN:23,(anonymous_4)
FN:29,(anonymous_5)
FN:30,(anonymous_6)
FN:31,(anonymous_7)
FN:33,(anonymous_8)
FN:36,(anonymous_9)
FN:40,(anonymous_10)
FN:46,(anonymous_11)
FN:49,(anonymous_12)
FNF:13
FNH:3
FNDA:1,(anonymous_0)
FNDA:1,(anonymous_1)
FNDA:0,(anonymous_2)
FNDA:0,(anonymous_3)
FNDA:0,(anonymous_4)
FNDA:0,(anonymous_5)
FNDA:0,(anonymous_6)
FNDA:0,(anonymous_7)
FNDA:0,(anonymous_8)
FNDA:0,(anonymous_9)
FNDA:1,(anonymous_10)
FNDA:0,(anonymous_11)
FNDA:0,(anonymous_12)
DA:7,9
DA:8,9
DA:12,1
DA:13,1
DA:20,1
DA:21,0
DA:22,0
DA:24,0
DA:30,0
DA:31,0
DA:32,0
DA:34,0
DA:37,0
DA:41,1
DA:42,1
DA:46,0
DA:49,0
LF:17
LH:7
BRF:0
BRH:0
end_of_record
TN:
SF:/Users/frodinm/Desktop/SOEN341-SC4/resources/assets/js/src/components/ListQuestions.component.js
FN:8,(anonymous_0)
FN:12,(anonymous_1)
FN:16,(anonymous_2)
FN:18,(anonymous_3)
FN:23,(anonymous_4)
FNF:5
FNH:3
FNDA:1,(anonymous_0)
FNDA:0,(anonymous_1)
FNDA:1,(anonymous_2)
FNDA:1,(anonymous_3)
FNDA:0,(anonymous_4)
DA:9,1
DA:13,0
DA:17,1
DA:19,1
DA:23,0
LF:5
LH:3
BRF:0
BRH:0
end_of_record
TN:
SF:/Users/frodinm/Desktop/SOEN341-SC4/resources/assets/js/src/components/downvoteButton.component.js
FN:5,(anonymous_0)
FNF:1
FNH:1
FNDA:1,(anonymous_0)
DA:6,1
LF:1
LH:1
BRF:0
BRH:0
end_of_record
TN:
SF:/Users/frodinm/Desktop/SOEN341-SC4/resources/assets/js/src/components/header.component.js
FN:7,(anonymous_0)
FN:11,(anonymous_1)
FN:12,(anonymous_2)
FN:17,(anonymous_3)
FN:25,(anonymous_4)
FN:30,(anonymous_5)
FN:36,(anonymous_6)
FN:50,(anonymous_7)
FN:74,(anonymous_8)
FNF:9
FNH:3
FNDA:0,(anonymous_0)
FNDA:0,(anonymous_1)
FNDA:0,(anonymous_2)
FNDA:1,(anonymous_3)
FNDA:0,(anonymous_4)
FNDA:1,(anonymous_5)
FNDA:0,(anonymous_6)
FNDA:1,(anonymous_7)
FNDA:0,(anonymous_8)
DA:7,9
DA:11,9
DA:12,0
DA:18,1
DA:19,1
DA:26,0
DA:31,1
DA:32,0
DA:36,0
DA:41,1
DA:51,1
DA:74,0
DA:87,9
LF:13
LH:8
BRDA:31,0,0,0
BRDA:31,0,1,1
BRF:2
BRH:1
end_of_record
TN:
SF:/Users/frodinm/Desktop/SOEN341-SC4/resources/assets/js/src/components/index.js
FNF:0
FNH:0
LF:0
LH:0
BRF:0
BRH:0
end_of_record
TN:
SF:/Users/frodinm/Desktop/SOEN341-SC4/resources/assets/js/src/components/upvoteButton.component.js
FN:5,(anonymous_0)
FNF:1
FNH:1
FNDA:1,(anonymous_0)
DA:6,1
LF:1
LH:1
BRF:0
BRH:0
end_of_record
TN:
SF:/Users/frodinm/Desktop/SOEN341-SC4/resources/assets/js/src/components/voting.component.js
FN:11,(anonymous_0)
FN:19,(anonymous_1)
FN:20,(anonymous_2)
FN:22,(anonymous_3)
FN:24,(anonymous_4)
FN:30,(anonymous_5)
FN:31,(anonymous_6)
FN:32,(anonymous_7)
FN:34,(anonymous_8)
FN:37,(anonymous_9)
FN:41,(anonymous_10)
FN:47,(anonymous_11)
FN:50,(anonymous_12)
FNF:13
FNH:3
FNDA:1,(anonymous_0)
FNDA:1,(anonymous_1)
FNDA:0,(anonymous_2)
FNDA:0,(anonymous_3)
FNDA:0,(anonymous_4)
FNDA:0,(anonymous_5)
FNDA:0,(anonymous_6)
FNDA:0,(anonymous_7)
FNDA:0,(anonymous_8)
FNDA:0,(anonymous_9)
FNDA:1,(anonymous_10)
FNDA:0,(anonymous_11)
FNDA:0,(anonymous_12)
DA:7,9
DA:8,9
DA:12,1
DA:13,1
DA:20,1
DA:22,0
DA:23,0
DA:25,0
DA:31,0
DA:32,0
DA:33,0
DA:35,0
DA:38,0
DA:42,1
DA:43,1
DA:47,0
DA:50,0
LF:17
LH:7
BRF:0
BRH:0
end_of_record
TN:
SF:/Users/frodinm/Desktop/SOEN341-SC4/resources/assets/js/src/screens/index.js
FNF:0
FNH:0
LF:0
LH:0
BRF:0
BRH:0
end_of_record
TN:
SF:/Users/frodinm/Desktop/SOEN341-SC4/resources/assets/js/src/screens/Questions/index.js
FNF:0
FNH:0
LF:0
LH:0
BRF:0
BRH:0
end_of_record
TN:
SF:/Users/frodinm/Desktop/SOEN341-SC4/resources/assets/js/src/screens/Questions/question.action.js
FN:9,(anonymous_0)
FN:10,(anonymous_1)
FN:12,(anonymous_2)
FN:14,(anonymous_3)
FNF:4
FNH:0
FNDA:0,(anonymous_0)
FNDA:0,(anonymous_1)
FNDA:0,(anonymous_2)
FNDA:0,(anonymous_3)
DA:9,9
DA:10,0
DA:11,0
DA:12,0
DA:13,0
DA:15,0
LF:6
LH:1
BRF:0
BRH:0
end_of_record
TN:
SF:/Users/frodinm/Desktop/SOEN341-SC4/resources/assets/js/src/screens/Questions/question.reducer.js
FN:19,(anonymous_0)
FNF:1
FNH:0
FNDA:0,(anonymous_0)
DA:5,9
DA:19,9
DA:20,0
DA:22,0
DA:28,0
DA:34,0
DA:40,0
LF:7
LH:2
BRDA:19,0,0,0
BRDA:20,1,0,0
BRDA:20,1,1,0
BRDA:20,1,2,0
BRDA:20,1,3,0
BRF:5
BRH:0
end_of_record
TN:
SF:/Users/frodinm/Desktop/SOEN341-SC4/resources/assets/js/src/screens/Questions/question.type.js
FNF:0
FNH:0
DA:3,9
LF:1
LH:1
BRF:0
BRH:0
end_of_record
TN:
SF:/Users/frodinm/Desktop/SOEN341-SC4/resources/assets/js/src/screens/Questions/screens/AnswerQuestion.screen.js
FN:11,(anonymous_0)
FN:16,(anonymous_1)
FN:17,(anonymous_2)
FN:22,(anonymous_3)
FN:36,(anonymous_4)
FN:40,(anonymous_5)
FN:41,(anonymous_6)
FN:43,(anonymous_7)
FN:45,(anonymous_8)
FN:57,(anonymous_9)
FN:63,(anonymous_10)
FN:70,(anonymous_11)
FN:78,(anonymous_12)
FN:79,(anonymous_13)
FN:82,(anonymous_14)
FN:89,(anonymous_15)
FN:93,(anonymous_16)
FN:94,(anonymous_17)
FN:95,(anonymous_18)
FN:98,(anonymous_19)
FN:107,(anonymous_20)
FN:108,(anonymous_21)
FN:109,(anonymous_22)
FN:110,(anonymous_23)
FN:113,(anonymous_24)
FN:120,(anonymous_25)
FN:124,(anonymous_26)
FN:133,(anonymous_27)
FN:150,(anonymous_28)
FN:152,(anonymous_29)
FN:178,(anonymous_30)
FN:188,(anonymous_31)
FN:191,(anonymous_32)
FN:204,(anonymous_33)
FN:206,(anonymous_34)
FN:216,(anonymous_35)
FN:219,(anonymous_36)
FN:223,(anonymous_37)
FN:228,(anonymous_38)
FN:257,(anonymous_39)
FN:282,(anonymous_40)
FN:285,(anonymous_41)
FNF:42
FNH:7
FNDA:0,(anonymous_0)
FNDA:0,(anonymous_1)
FNDA:0,(anonymous_2)
FNDA:1,(anonymous_3)
FNDA:1,(anonymous_4)
FNDA:1,(anonymous_5)
FNDA:0,(anonymous_6)
FNDA:1,(anonymous_7)
FNDA:0,(anonymous_8)
FNDA:0,(anonymous_9)
FNDA:0,(anonymous_10)
FNDA:0,(anonymous_11)
FNDA:0,(anonymous_12)
FNDA:0,(anonymous_13)
FNDA:0,(anonymous_14)
FNDA:0,(anonymous_15)
FNDA:0,(anonymous_16)
FNDA:0,(anonymous_17)
FNDA:0,(anonymous_18)
FNDA:0,(anonymous_19)
FNDA:0,(anonymous_20)
FNDA:0,(anonymous_21)
FNDA:0,(anonymous_22)
FNDA:0,(anonymous_23)
FNDA:0,(anonymous_24)
FNDA:0,(anonymous_25)
FNDA:0,(anonymous_26)
FNDA:0,(anonymous_27)
FNDA:1,(anonymous_28)
FNDA:0,(anonymous_29)
FNDA:1,(anonymous_30)
FNDA:0,(anonymous_31)
FNDA:0,(anonymous_32)
FNDA:0,(anonymous_33)
FNDA:0,(anonymous_34)
FNDA:0,(anonymous_35)
FNDA:0,(anonymous_36)
FNDA:0,(anonymous_37)
FNDA:0,(anonymous_38)
FNDA:1,(anonymous_39)
FNDA:0,(anonymous_40)
FNDA:0,(anonymous_41)
DA:11,9
DA:16,9
DA:17,0
DA:23,1
DA:24,1
DA:37,1
DA:38,1
DA:41,1
DA:42,0
DA:45,1
DA:46,0
DA:47,0
DA:58,0
DA:64,0
DA:71,0
DA:72,0
DA:73,0
DA:74,0
DA:75,0
DA:77,0
DA:78,0
DA:79,0
DA:80,0
DA:81,0
DA:83,0
DA:90,0
DA:92,0
DA:93,0
DA:94,0
DA:95,0
DA:96,0
DA:97,0
DA:99,0
DA:104,0
DA:108,0
DA:109,0
DA:110,0
DA:111,0
DA:112,0
DA:114,0
DA:121,0
DA:122,0
DA:123,0
DA:124,0
DA:130,0
DA:133,0
DA:140,0
DA:141,0
DA:151,1
DA:152,0
DA:153,0
DA:173,1
DA:179,1
DA:180,0
DA:188,0
DA:191,0
DA:195,1
DA:196,0
DA:204,0
DA:206,0
DA:217,0
DA:218,0
DA:219,0
DA:220,0
DA:224,0
DA:225,0
DA:229,0
DA:230,0
DA:232,0
DA:233,0
DA:258,1
DA:282,0
DA:285,0
DA:293,9
LF:74
LH:14
BRDA:71,0,0,0
BRDA:71,0,1,0
BRDA:74,1,0,0
BRDA:74,1,1,0
BRDA:92,2,0,0
BRDA:92,2,1,0
BRDA:121,3,0,0
BRDA:121,3,1,0
BRDA:121,4,0,0
BRDA:121,4,1,0
BRDA:122,5,0,0
BRDA:122,5,1,0
BRDA:140,6,0,0
BRDA:140,6,1,0
BRDA:151,7,0,0
BRDA:151,7,1,1
BRDA:179,8,0,0
BRDA:179,8,1,1
BRDA:179,9,0,1
BRDA:179,9,1,1
BRDA:179,9,2,1
BRDA:195,10,0,0
BRDA:195,10,1,1
BRDA:201,11,0,0
BRDA:201,11,1,0
BRDA:229,12,0,0
BRDA:229,12,1,0
BRF:27
BRH:6
end_of_record
TN:
SF:/Users/frodinm/Desktop/SOEN341-SC4/resources/assets/js/src/screens/Questions/screens/AskQuestion.screen.js
FN:11,(anonymous_0)
FN:15,(anonymous_1)
FN:20,(anonymous_2)
FN:30,(anonymous_3)
FN:36,(anonymous_4)
FN:43,(anonymous_5)
FN:52,(anonymous_6)
FN:55,(anonymous_7)
FN:81,(anonymous_8)
FN:91,(anonymous_9)
FN:99,(anonymous_10)
FN:102,(anonymous_11)
FNF:12
FNH:3
FNDA:0,(anonymous_0)
FNDA:0,(anonymous_1)
FNDA:1,(anonymous_2)
FNDA:1,(anonymous_3)
FNDA:0,(anonymous_4)
FNDA:0,(anonymous_5)
FNDA:0,(anonymous_6)
FNDA:0,(anonymous_7)
FNDA:1,(anonymous_8)
FNDA:0,(anonymous_9)
FNDA:0,(anonymous_10)
FNDA:0,(anonymous_11)
DA:11,9
DA:15,9
DA:21,1
DA:22,1
DA:31,1
DA:32,1
DA:37,0
DA:40,0
DA:44,0
DA:53,0
DA:54,0
DA:56,0
DA:82,1
DA:91,0
DA:99,0
DA:102,0
DA:110,9
LF:17
LH:8
BRDA:31,0,0,1
BRDA:31,0,1,0
BRF:2
BRH:1
end_of_record
TN:
SF:/Users/frodinm/Desktop/SOEN341-SC4/resources/assets/js/src/screens/Questions/screens/index.js
FNF:0
FNH:0
LF:0
LH:0
BRF:0
BRH:0
end_of_record
TN:
SF:/Users/frodinm/Desktop/SOEN341-SC4/resources/assets/js/src/screens/auth/auth.actions.js
FN:5,(anonymous_0)
FN:6,(anonymous_1)
FN:8,(anonymous_2)
FN:11,(anonymous_3)
FN:13,(anonymous_4)
FN:16,(anonymous_5)
FN:22,(anonymous_6)
FN:23,(anonymous_7)
FN:25,(anonymous_8)
FN:27,(anonymous_9)
FNF:10
FNH:0
FNDA:0,(anonymous_0)
FNDA:0,(anonymous_1)
FNDA:0,(anonymous_2)
FNDA:0,(anonymous_3)
FNDA:0,(anonymous_4)
FNDA:0,(anonymous_5)
FNDA:0,(anonymous_6)
FNDA:0,(anonymous_7)
FNDA:0,(anonymous_8)
FNDA:0,(anonymous_9)
DA:5,9
DA:6,0
DA:7,0
DA:8,0
DA:9,0
DA:10,0
DA:11,0
DA:12,0
DA:14,0
DA:17,0
DA:22,9
DA:23,0
DA:24,0
DA:25,0
DA:26,0
DA:28,0
LF:16
LH:2
BRF:0
BRH:0
end_of_record
TN:
SF:/Users/frodinm/Desktop/SOEN341-SC4/resources/assets/js/src/screens/auth/auth.reducer.js
FN:19,(anonymous_0)
FNF:1
FNH:0
FNDA:0,(anonymous_0)
DA:7,9
DA:19,9
DA:20,0
DA:22,0
DA:28,0
DA:34,0
DA:40,0
DA:45,0
DA:50,0
DA:55,0
DA:60,0
DA:66,0
DA:70,0
LF:13
LH:2
BRDA:19,0,0,0
BRDA:20,1,0,0
BRDA:20,1,1,0
BRDA:20,1,2,0
BRDA:20,1,3,0
BRDA:20,1,4,0
BRDA:20,1,5,0
BRDA:20,1,6,0
BRDA:20,1,7,0
BRDA:20,1,8,0
BRDA:20,1,9,0
BRF:11
BRH:0
end_of_record
TN:
SF:/Users/frodinm/Desktop/SOEN341-SC4/resources/assets/js/src/screens/auth/auth.type.js
FNF:0
FNH:0
DA:3,9
DA:4,9
DA:5,9
LF:3
LH:3
BRF:0
BRH:0
end_of_record
TN:
SF:/Users/frodinm/Desktop/SOEN341-SC4/resources/assets/js/src/screens/auth/index.js
FNF:0
FNH:0
LF:0
LH:0
BRF:0
BRH:0
end_of_record
TN:
SF:/Users/frodinm/Desktop/SOEN341-SC4/resources/assets/js/src/screens/auth/screens/index.js
FNF:0
FNH:0
LF:0
LH:0
BRF:0
BRH:0
end_of_record
TN:
SF:/Users/frodinm/Desktop/SOEN341-SC4/resources/assets/js/src/screens/auth/screens/loginScreen.js
FN:8,(anonymous_0)
FN:11,(anonymous_1)
FN:12,(anonymous_2)
FN:17,(anonymous_3)
FN:25,(anonymous_4)
FN:34,(anonymous_5)
FN:38,(anonymous_6)
FN:43,(anonymous_7)
FN:53,(anonymous_8)
FN:59,(anonymous_9)
FN:70,(anonymous_10)
FNF:11
FNH:2
FNDA:0,(anonymous_0)
FNDA:0,(anonymous_1)
FNDA:0,(anonymous_2)
FNDA:1,(anonymous_3)
FNDA:0,(anonymous_4)
FNDA:0,(anonymous_5)
FNDA:0,(anonymous_6)
FNDA:1,(anonymous_7)
FNDA:0,(anonymous_8)
FNDA:0,(anonymous_9)
FNDA:0,(anonymous_10)
DA:8,9
DA:11,9
DA:12,0
DA:18,1
DA:19,1
DA:26,0
DA:27,0
DA:35,0
DA:36,0
DA:37,0
DA:39,0
DA:44,1
DA:53,0
DA:59,0
DA:70,0
DA:110,9
LF:16
LH:6
BRF:0
BRH:0
end_of_record
TN:
SF:/Users/frodinm/Desktop/SOEN341-SC4/resources/assets/js/src/screens/auth/screens/registerScreen.js
FN:6,(anonymous_0)
FN:20,(anonymous_1)
FNF:2
FNH:2
FNDA:1,(anonymous_0)
FNDA:1,(anonymous_1)
DA:7,1
DA:8,1
DA:21,1
LF:3
LH:3
BRF:0
BRH:0
end_of_record
TN:
SF:/Users/frodinm/Desktop/SOEN341-SC4/resources/assets/js/src/util/actionHelper.js
FN:1,(anonymous_0)
FNF:1
FNH:1
FNDA:36,(anonymous_0)
DA:1,9
DA:2,36
LF:2
LH:2
BRF:0
BRH:0
end_of_record
TN:
SF:/Users/frodinm/Desktop/SOEN341-SC4/resources/assets/js/src/util/index.js
FNF:0
FNH:0
LF:0
LH:0
BRF:0
BRH:0
end_of_record
TN:
SF:/Users/frodinm/Desktop/SOEN341-SC4/resources/assets/test/setupTests.js
FNF:0
FNH:0
DA:4,11
LF:1
LH:1
BRF:0
BRH:0
end_of_record
